[    1093ms] [INFO] %cDownload the React DevTools for a better development experience: https://fb.me/react-devtools font-weight:bold @ https://smallseotools.com/js/app.js:65003
[    3423ms] [ERROR] Access to fetch at 'https://hb-api.omnitagjs.com/hb-api/prebid/v1?RefererUrl=https%3A%2F%2Fsmallseotools.com%2F&PageUrl=https%3A%2F%2Fsmallseotools.com%2F&PageReferrer=https%3A%2F%2Fsmallseotools.com%2F&CanonicalUrl=https%3A%2F%2Fsmallseotools.com%2F' from origin 'https://smallseotools.com' has been blocked by CORS policy: No 'Access-Control-Allow-Origin' header is present on the requested resource. @ https://smallseotools.com/:0
[    3424ms] [ERROR] Failed to load resource: net::ERR_FAILED @ https://hb-api.omnitagjs.com/hb-api/prebid/v1?RefererUrl=https%3A%2F%2Fsmallseotools.com%2F&PageUrl=https%3A%2F%2Fsmallseotools.com%2F&PageReferrer=https%3A%2F%2Fsmallseotools.com%2F&CanonicalUrl=https%3A%2F%2Fsmallseotools.com%2F:0
[    3931ms] [WARNING] [GPT] PubAdsService.setTargeting is deprecated, use googletag.setConfig({targeting: ...}) instead.
https://goo.gle/gpt-message#170 @ https://securepubads.g.doubleclick.net/pagead/managed/js/gpt/m202606120101/pubads_impl.js:18
[    3946ms] [WARNING] [GPT] Div ID passed to googletag.display() does not match any defined slots: STICKY_ADP_41163_728X90_ecf5e281-ff4d-4cce-a7f5-38572aeda224.
https://goo.gle/gpt-message#26 @ https://securepubads.g.doubleclick.net/pagead/managed/js/gpt/m202606120101/pubads_impl.js:18
[    3948ms] [WARNING] [GPT] Slot.getTargeting is deprecated, use Slot.getConfig('targeting') instead.
https://goo.gle/gpt-message#201 @ https://securepubads.g.doubleclick.net/pagead/managed/js/gpt/m202606120101/pubads_impl.js:18
[    4233ms] [WARNING] VIDEOJS: WARN: videojs.extend is deprecated as of Video.js 7.22.0 and will be removed in Video.js 8.0.0 @ https://cdn.adpushup.com/instream/videoUtils-b89718e1-1763630796102.js:1
[    5320ms] [WARNING] Google Deploy of the SharedId library has been deprecated. Please select another option in the GAM UI. If you use Prebid, we suggest the Prebid.js UserId option. If you do not, you may configure GAM to allow Google to share a first party user identifier with OB and AB participants, which is either the publisherProvidedId or the __gads value when that is missing. @ https://cdn.jsdelivr.net/gh/prebid/shared-id/pubcid.js/docs/pubcid.min.js:0
[    5348ms] [WARNING] [GPT] Using deprecated googletag.encryptedSignalProviders. Please use googletag.secureSignalProviders instead.
https://goo.gle/gpt-message#155 @ https://securepubads.g.doubleclick.net/pagead/managed/js/gpt/m202606120101/pubads_impl.js:18
[    5476ms] [WARNING] [GPT] Using deprecated googletag.encryptedSignalProviders. Please use googletag.secureSignalProviders instead.
https://goo.gle/gpt-message#155 @ https://securepubads.g.doubleclick.net/pagead/managed/js/gpt/m202606120101/pubads_impl.js:18
[    5483ms] [ERROR] Failed to load resource: the server responded with a status of 422 () @ https://api.livechatinc.com/v3.6/customer/action/check_goals?organization_id=97cb7b86-5082-465c-bfe1-2e076d4db12a&x-region=us-south1:0
[    5493ms] [ERROR] Access to fetch at 'https://hb-api.omnitagjs.com/hb-api/prebid/v1?RefererUrl=https%3A%2F%2Fsmallseotools.com%2F&PageUrl=https%3A%2F%2Fsmallseotools.com%2F&PageReferrer=https%3A%2F%2Fsmallseotools.com%2F&CanonicalUrl=https%3A%2F%2Fsmallseotools.com%2F' from origin 'https://smallseotools.com' has been blocked by CORS policy: No 'Access-Control-Allow-Origin' header is present on the requested resource. @ https://smallseotools.com/:0
[    5494ms] [ERROR] Failed to load resource: net::ERR_FAILED @ https://hb-api.omnitagjs.com/hb-api/prebid/v1?RefererUrl=https%3A%2F%2Fsmallseotools.com%2F&PageUrl=https%3A%2F%2Fsmallseotools.com%2F&PageReferrer=https%3A%2F%2Fsmallseotools.com%2F&CanonicalUrl=https%3A%2F%2Fsmallseotools.com%2F:0
[    5928ms] [WARNING] [GPT] Using deprecated googletag.encryptedSignalProviders. Please use googletag.secureSignalProviders instead.
https://goo.gle/gpt-message#155 @ https://securepubads.g.doubleclick.net/pagead/managed/js/gpt/m202606120101/pubads_impl.js:18
[    7288ms] [ERROR] Attestation check for Shared Storage on https://www.googleadservices.com failed. @ https://www.googleadservices.com/pagead/managed/js/activeview/current/reach_worklet.html:0
[    7452ms] [ERROR] Refused to execute script from 'https://metrics.getrockerbox.com/track/v5?source=semrush&tier_one=dv360&tier_two=1025537991&tier_three=23535875006&tier_four=731869385&auction_id=1781773517154970&referrer=https://smallseotools.com/' because its MIME type ('image/gif') is not executable. @ https://ed528335702718c330cfa82d3535ac80.safeframe.googlesyndication.com/safeframe/1-0-45/html/container.html:0
[    7508ms] [ERROR] Attestation check for Attribution Reporting on https://ad.doubleclick.net failed. @ https://smallseotools.com/:0
[    7288ms] [ERROR] Attestation check for Shared Storage on https://www.googleadservices.com failed. @ https://www.googleadservices.com/pagead/managed/js/activeview/current/reach_worklet.html:0
[    7288ms] [ERROR] Attestation check for Shared Storage on https://www.googleadservices.com failed. @ https://www.googleadservices.com/pagead/managed/js/activeview/current/reach_worklet.html:0
[    7600ms] [ERROR] Attestation check for Shared Storage on https://www.googleadservices.com failed. @ https://www.googleadservices.com/pagead/managed/js/activeview/current/reach_worklet.html:0
[    7658ms] [INFO] Powered by AMP ⚡ HTML – Version 2605071401000 https://smallseotools.com/ @ https://cdn.ampproject.org/rtv/012605071401000/amp4ads-v0.mjs:1
[    7908ms] [ERROR] Attestation check for Attribution Reporting on https://ad.doubleclick.net failed. @ https://smallseotools.com/:0
[    7937ms] [ERROR] Attestation check for Shared Storage on https://www.googleadservices.com failed. @ https://www.googleadservices.com/pagead/managed/js/activeview/current/reach_worklet.html:0
[    9172ms] [ERROR] Mixed Content: The page at 'https://smallseotools.com/' was loaded over HTTPS, but requested an insecure frame 'http://sync.pmbmonetize.live/psync?t=s&e=247&gdpr=0&gdpr_consent=&us_privacy=&gpp=&gpp_sid=&cb=https%3A%2F%2Fcookies.nextmillmedia.com%2Fsetuid%3Fbidder%3Dadipolo%26nmuid%3D%26gdpr%3D0%26gdpr_consent%3D%26us_privacy%3D%26uid%3D%25USER_ID%25'. This request has been blocked; the content must be served over HTTPS. @ https://cookies.nextmillmedia.com/sync?gdpr=0&gdpr_consent=&us_privacy=&gpp=&gpp_sid=&type=iframe:40
[   10872ms] [ERROR] Failed to load resource: the server responded with a status of 404 () @ https://cs.admanmedia.com/292deb7c3c2bf25073c04bb900f3a44a.gif??gdpr=0&gdpr_consent=&us_privacy=&redir=https%3A%2F%2Fcookies.nextmillmedia.com%2Fsetuid%3Fbidder%3Dadmanmedia%26nmuid%3D%26gdpr%3D0%26gdpr_consent%3D%26us_privacy%3D%26uid%3D%5BUID%5D:0
[   11454ms] [ERROR] Failed to load resource: the server responded with a status of 424 (Failed Dependency) @ https://t.adx.opera.com/pub/sync?pubid=pub10101531197440&gdpr=1&gdpr_consent=:0
[   11454ms] [ERROR] Failed to load resource: the server responded with a status of 424 (Failed Dependency) @ https://t.adx.opera.com/pub/sync?pubid=pub10101531197440&gdpr=1&gdpr_consent=:0
[   11967ms] [ERROR] Failed to load resource: net::ERR_NAME_NOT_RESOLVED @ https://dps.jp.cinarra.com/pxd?PLATFORM_ID=1&USER_ID=f30e93dc-b1d2-859d-c269-5e702ac63019:0
[   12153ms] [ERROR] Failed to load resource: the server responded with a status of 424 (Failed Dependency) @ https://t.adx.opera.com/pub/sync?pubid=pub10101531197440&gdpr=1&gdpr_consent=:0
[   12217ms] [ERROR] Failed to load resource: the server responded with a status of 400 () @ https://match.prod.bidr.io/cookie-sync/see:0
[    9172ms] [ERROR] Mixed Content: The page at 'https://smallseotools.com/' was loaded over HTTPS, but requested an insecure frame 'http://sync.pmbmonetize.live/psync?t=s&e=247&gdpr=0&gdpr_consent=&us_privacy=&gpp=&gpp_sid=&cb=https%3A%2F%2Fcookies.nextmillmedia.com%2Fsetuid%3Fbidder%3Dadipolo%26nmuid%3D%26gdpr%3D0%26gdpr_consent%3D%26us_privacy%3D%26uid%3D%25USER_ID%25'. This request has been blocked; the content must be served over HTTPS. @ https://cookies.nextmillmedia.com/sync?gdpr=0&gdpr_consent=&us_privacy=&gpp=&gpp_sid=&type=iframe:40
[   13954ms] [ERROR] Failed to load resource: net::ERR_CONNECTION_REFUSED @ https://cs.nex8.net/cs/openx:0
[   14005ms] [TIMEEND] a: 0.009033203125 ms @ https://static.adsafeprotected.com/sca.17.6.4.js:31
[   14084ms] [ERROR] Mixed Content: The page at 'https://smallseotools.com/' was loaded over HTTPS, but requested an insecure frame 'http://sync.pmbmonetize.live/psync?t=s&e=247&gdpr=&gdpr_consent=&us_privacy=&gpp=&gpp_sid=&cb=https%3A%2F%2Fcookies.nextmillmedia.com%2Fsetuid%3Fbidder%3Dadipolo%26nmuid%3Dcd044a00-e489-41d8-b274-80d9322f0ec3%26gdpr%3D%26gdpr_consent%3D%26us_privacy%3D%26uid%3D%25USER_ID%25'. This request has been blocked; the content must be served over HTTPS. @ https://cookies.nextmillmedia.com/sync?redirect=https%3A%2F%2Fsync.adkernel.com%2Fuser-sync%3Fzone%3D308936%26dsp%3D830598%26t%3Diframe%26uid%3D%5BNMUID%5D:42
[   10312ms] [ERROR] Failed to load resource: the server responded with a status of 403 () @ chrome-error://chromewebdata/:0
[   14154ms] [ERROR] Refused to display 'https://csync-apac.smilewanted.com/' in a frame because it set 'X-Frame-Options' to 'sameorigin'. @ chrome-error://chromewebdata/:0
[   11967ms] [ERROR] Failed to load resource: net::ERR_NAME_NOT_RESOLVED @ https://dps.jp.cinarra.com/pxd?PLATFORM_ID=1&USER_ID=f30e93dc-b1d2-859d-c269-5e702ac63019:0
[   13954ms] [ERROR] Failed to load resource: net::ERR_CONNECTION_REFUSED @ https://cs.nex8.net/cs/openx:0
[   11967ms] [ERROR] Failed to load resource: net::ERR_NAME_NOT_RESOLVED @ https://dps.jp.cinarra.com/pxd?PLATFORM_ID=1&USER_ID=f30e93dc-b1d2-859d-c269-5e702ac63019:0
[   13954ms] [ERROR] Failed to load resource: net::ERR_CONNECTION_REFUSED @ https://cs.nex8.net/cs/openx:0
[   11967ms] [ERROR] Failed to load resource: net::ERR_NAME_NOT_RESOLVED @ https://dps.jp.cinarra.com/pxd?PLATFORM_ID=1&USER_ID=f30e93dc-b1d2-859d-c269-5e702ac63019:0
[   13954ms] [ERROR] Failed to load resource: net::ERR_CONNECTION_REFUSED @ https://cs.nex8.net/cs/openx:0
[   14575ms] [ERROR] Failed to load resource: net::ERR_NAME_NOT_RESOLVED @ https://match.rundsp.com/redirect?ex=openx:0
[   14676ms] [ERROR] Failed to load resource: net::ERR_NAME_NOT_RESOLVED @ https://j.mrpdata.net/c.html?ex=OpenX:0
[   14786ms] [ERROR] Failed to load resource: net::ERR_NAME_NOT_RESOLVED @ https://match.rundsp.com/redirect?ex=openx:0
[   11967ms] [ERROR] Failed to load resource: net::ERR_NAME_NOT_RESOLVED @ https://dps.jp.cinarra.com/pxd?PLATFORM_ID=1&USER_ID=f30e93dc-b1d2-859d-c269-5e702ac63019:0
[   13954ms] [ERROR] Failed to load resource: net::ERR_CONNECTION_REFUSED @ https://cs.nex8.net/cs/openx:0
[   14575ms] [ERROR] Failed to load resource: net::ERR_NAME_NOT_RESOLVED @ https://match.rundsp.com/redirect?ex=openx:0
[   14676ms] [ERROR] Failed to load resource: net::ERR_NAME_NOT_RESOLVED @ https://j.mrpdata.net/c.html?ex=OpenX:0
[   14786ms] [ERROR] Failed to load resource: net::ERR_NAME_NOT_RESOLVED @ https://match.rundsp.com/redirect?ex=openx:0
[    9172ms] [ERROR] Mixed Content: The page at 'https://smallseotools.com/' was loaded over HTTPS, but requested an insecure frame 'http://sync.pmbmonetize.live/psync?t=s&e=247&gdpr=0&gdpr_consent=&us_privacy=&gpp=&gpp_sid=&cb=https%3A%2F%2Fcookies.nextmillmedia.com%2Fsetuid%3Fbidder%3Dadipolo%26nmuid%3D%26gdpr%3D0%26gdpr_consent%3D%26us_privacy%3D%26uid%3D%25USER_ID%25'. This request has been blocked; the content must be served over HTTPS. @ https://cookies.nextmillmedia.com/sync?gdpr=0&gdpr_consent=&us_privacy=&gpp=&gpp_sid=&type=iframe:40
[   14084ms] [ERROR] Mixed Content: The page at 'https://smallseotools.com/' was loaded over HTTPS, but requested an insecure frame 'http://sync.pmbmonetize.live/psync?t=s&e=247&gdpr=&gdpr_consent=&us_privacy=&gpp=&gpp_sid=&cb=https%3A%2F%2Fcookies.nextmillmedia.com%2Fsetuid%3Fbidder%3Dadipolo%26nmuid%3Dcd044a00-e489-41d8-b274-80d9322f0ec3%26gdpr%3D%26gdpr_consent%3D%26us_privacy%3D%26uid%3D%25USER_ID%25'. This request has been blocked; the content must be served over HTTPS. @ https://cookies.nextmillmedia.com/sync?redirect=https%3A%2F%2Fsync.adkernel.com%2Fuser-sync%3Fzone%3D308936%26dsp%3D830598%26t%3Diframe%26uid%3D%5BNMUID%5D:42
[   10872ms] [ERROR] Failed to load resource: the server responded with a status of 404 () @ https://cs.admanmedia.com/292deb7c3c2bf25073c04bb900f3a44a.gif??gdpr=0&gdpr_consent=&us_privacy=&redir=https%3A%2F%2Fcookies.nextmillmedia.com%2Fsetuid%3Fbidder%3Dadmanmedia%26nmuid%3D%26gdpr%3D0%26gdpr_consent%3D%26us_privacy%3D%26uid%3D%5BUID%5D:0
[   15788ms] [ERROR] Failed to load resource: the server responded with a status of 404 () @ https://cs.admanmedia.com/292deb7c3c2bf25073c04bb900f3a44a.gif??gdpr=&gdpr_consent=&us_privacy=&redir=https%3A%2F%2Fcookies.nextmillmedia.com%2Fsetuid%3Fbidder%3Dadmanmedia%26nmuid%3Dcd044a00-e489-41d8-b274-80d9322f0ec3%26gdpr%3D%26gdpr_consent%3D%26us_privacy%3D%26uid%3D%5BUID%5D:0
[   11967ms] [ERROR] Failed to load resource: net::ERR_NAME_NOT_RESOLVED @ https://dps.jp.cinarra.com/pxd?PLATFORM_ID=1&USER_ID=f30e93dc-b1d2-859d-c269-5e702ac63019:0
[   13954ms] [ERROR] Failed to load resource: net::ERR_CONNECTION_REFUSED @ https://cs.nex8.net/cs/openx:0
[   14575ms] [ERROR] Failed to load resource: net::ERR_NAME_NOT_RESOLVED @ https://match.rundsp.com/redirect?ex=openx:0
[   14676ms] [ERROR] Failed to load resource: net::ERR_NAME_NOT_RESOLVED @ https://j.mrpdata.net/c.html?ex=OpenX:0
[   14786ms] [ERROR] Failed to load resource: net::ERR_NAME_NOT_RESOLVED @ https://match.rundsp.com/redirect?ex=openx:0
[   11967ms] [ERROR] Failed to load resource: net::ERR_NAME_NOT_RESOLVED @ https://dps.jp.cinarra.com/pxd?PLATFORM_ID=1&USER_ID=f30e93dc-b1d2-859d-c269-5e702ac63019:0
[   13954ms] [ERROR] Failed to load resource: net::ERR_CONNECTION_REFUSED @ https://cs.nex8.net/cs/openx:0
[   14575ms] [ERROR] Failed to load resource: net::ERR_NAME_NOT_RESOLVED @ https://match.rundsp.com/redirect?ex=openx:0
[   14676ms] [ERROR] Failed to load resource: net::ERR_NAME_NOT_RESOLVED @ https://j.mrpdata.net/c.html?ex=OpenX:0
[   14786ms] [ERROR] Failed to load resource: net::ERR_NAME_NOT_RESOLVED @ https://match.rundsp.com/redirect?ex=openx:0
[   11454ms] [ERROR] Failed to load resource: the server responded with a status of 424 (Failed Dependency) @ https://t.adx.opera.com/pub/sync?pubid=pub10101531197440&gdpr=1&gdpr_consent=:0
[   12153ms] [ERROR] Failed to load resource: the server responded with a status of 424 (Failed Dependency) @ https://t.adx.opera.com/pub/sync?pubid=pub10101531197440&gdpr=1&gdpr_consent=:0
[   11454ms] [ERROR] Failed to load resource: the server responded with a status of 424 (Failed Dependency) @ https://t.adx.opera.com/pub/sync?pubid=pub10101531197440&gdpr=1&gdpr_consent=:0
[   12153ms] [ERROR] Failed to load resource: the server responded with a status of 424 (Failed Dependency) @ https://t.adx.opera.com/pub/sync?pubid=pub10101531197440&gdpr=1&gdpr_consent=:0
[   10312ms] [ERROR] Failed to load resource: the server responded with a status of 403 () @ chrome-error://chromewebdata/:0
[   14154ms] [ERROR] Refused to display 'https://csync-apac.smilewanted.com/' in a frame because it set 'X-Frame-Options' to 'sameorigin'. @ chrome-error://chromewebdata/:0
[   14899ms] [ERROR] Failed to load resource: the server responded with a status of 403 () @ chrome-error://chromewebdata/:0
[   14904ms] [ERROR] Refused to display 'https://csync-apac.smilewanted.com/' in a frame because it set 'X-Frame-Options' to 'sameorigin'. @ chrome-error://chromewebdata/:0
[    9172ms] [ERROR] Mixed Content: The page at 'https://smallseotools.com/' was loaded over HTTPS, but requested an insecure frame 'http://sync.pmbmonetize.live/psync?t=s&e=247&gdpr=0&gdpr_consent=&us_privacy=&gpp=&gpp_sid=&cb=https%3A%2F%2Fcookies.nextmillmedia.com%2Fsetuid%3Fbidder%3Dadipolo%26nmuid%3D%26gdpr%3D0%26gdpr_consent%3D%26us_privacy%3D%26uid%3D%25USER_ID%25'. This request has been blocked; the content must be served over HTTPS. @ https://cookies.nextmillmedia.com/sync?gdpr=0&gdpr_consent=&us_privacy=&gpp=&gpp_sid=&type=iframe:40
[   14084ms] [ERROR] Mixed Content: The page at 'https://smallseotools.com/' was loaded over HTTPS, but requested an insecure frame 'http://sync.pmbmonetize.live/psync?t=s&e=247&gdpr=&gdpr_consent=&us_privacy=&gpp=&gpp_sid=&cb=https%3A%2F%2Fcookies.nextmillmedia.com%2Fsetuid%3Fbidder%3Dadipolo%26nmuid%3Dcd044a00-e489-41d8-b274-80d9322f0ec3%26gdpr%3D%26gdpr_consent%3D%26us_privacy%3D%26uid%3D%25USER_ID%25'. This request has been blocked; the content must be served over HTTPS. @ https://cookies.nextmillmedia.com/sync?redirect=https%3A%2F%2Fsync.adkernel.com%2Fuser-sync%3Fzone%3D308936%26dsp%3D830598%26t%3Diframe%26uid%3D%5BNMUID%5D:42
[   16256ms] [ERROR] Failed to load resource: the server responded with a status of 424 (Failed Dependency) @ https://t.adx.opera.com/pub/sync?pubid=pub10101531197440&gdpr=1&gdpr_consent=:0
[   16504ms] [ERROR] Failed to load resource: the server responded with a status of 424 (Failed Dependency) @ https://t.adx.opera.com/pub/sync?pubid=pub10101531197440&gdpr=1&gdpr_consent=:0
[    9172ms] [ERROR] Mixed Content: The page at 'https://smallseotools.com/' was loaded over HTTPS, but requested an insecure frame 'http://sync.pmbmonetize.live/psync?t=s&e=247&gdpr=0&gdpr_consent=&us_privacy=&gpp=&gpp_sid=&cb=https%3A%2F%2Fcookies.nextmillmedia.com%2Fsetuid%3Fbidder%3Dadipolo%26nmuid%3D%26gdpr%3D0%26gdpr_consent%3D%26us_privacy%3D%26uid%3D%25USER_ID%25'. This request has been blocked; the content must be served over HTTPS. @ https://cookies.nextmillmedia.com/sync?gdpr=0&gdpr_consent=&us_privacy=&gpp=&gpp_sid=&type=iframe:40
[   14084ms] [ERROR] Mixed Content: The page at 'https://smallseotools.com/' was loaded over HTTPS, but requested an insecure frame 'http://sync.pmbmonetize.live/psync?t=s&e=247&gdpr=&gdpr_consent=&us_privacy=&gpp=&gpp_sid=&cb=https%3A%2F%2Fcookies.nextmillmedia.com%2Fsetuid%3Fbidder%3Dadipolo%26nmuid%3Dcd044a00-e489-41d8-b274-80d9322f0ec3%26gdpr%3D%26gdpr_consent%3D%26us_privacy%3D%26uid%3D%25USER_ID%25'. This request has been blocked; the content must be served over HTTPS. @ https://cookies.nextmillmedia.com/sync?redirect=https%3A%2F%2Fsync.adkernel.com%2Fuser-sync%3Fzone%3D308936%26dsp%3D830598%26t%3Diframe%26uid%3D%5BNMUID%5D:42
[   11967ms] [ERROR] Failed to load resource: net::ERR_NAME_NOT_RESOLVED @ https://dps.jp.cinarra.com/pxd?PLATFORM_ID=1&USER_ID=f30e93dc-b1d2-859d-c269-5e702ac63019:0
[   13954ms] [ERROR] Failed to load resource: net::ERR_CONNECTION_REFUSED @ https://cs.nex8.net/cs/openx:0
[   14575ms] [ERROR] Failed to load resource: net::ERR_NAME_NOT_RESOLVED @ https://match.rundsp.com/redirect?ex=openx:0
[   14676ms] [ERROR] Failed to load resource: net::ERR_NAME_NOT_RESOLVED @ https://j.mrpdata.net/c.html?ex=OpenX:0
[   14786ms] [ERROR] Failed to load resource: net::ERR_NAME_NOT_RESOLVED @ https://match.rundsp.com/redirect?ex=openx:0
[   11967ms] [ERROR] Failed to load resource: net::ERR_NAME_NOT_RESOLVED @ https://dps.jp.cinarra.com/pxd?PLATFORM_ID=1&USER_ID=f30e93dc-b1d2-859d-c269-5e702ac63019:0
[   13954ms] [ERROR] Failed to load resource: net::ERR_CONNECTION_REFUSED @ https://cs.nex8.net/cs/openx:0
[   14575ms] [ERROR] Failed to load resource: net::ERR_NAME_NOT_RESOLVED @ https://match.rundsp.com/redirect?ex=openx:0
[   14676ms] [ERROR] Failed to load resource: net::ERR_NAME_NOT_RESOLVED @ https://j.mrpdata.net/c.html?ex=OpenX:0
[   14786ms] [ERROR] Failed to load resource: net::ERR_NAME_NOT_RESOLVED @ https://match.rundsp.com/redirect?ex=openx:0
[   16855ms] [ERROR] Failed to load resource: net::ERR_NAME_NOT_RESOLVED @ https://visitor-iqzone.omnitagjs.com/visitor/bsync?uid=9ad5ea74eb6daacb66ec769f76978abc&name=GEN1&url=https%3A%2F%2Fsync.iqzonertb.live%2Fpsync%3Ft%3Dd%26e%3D466%26u%3D%5BUID%5D:0
[   16926ms] [ERROR] Mixed Content: The page at 'https://smallseotools.com/' was loaded over HTTPS, but requested an insecure frame 'http://sync.pmbmonetize.live/psync?t=s&e=247&gdpr=&gdpr_consent=&us_privacy=&gpp=&gpp_sid=&cb=https%3A%2F%2Fcookies.nextmillmedia.com%2Fsetuid%3Fbidder%3Dadipolo%26nmuid%3Dcd044a00-e489-41d8-b274-80d9322f0ec3%26gdpr%3D%26gdpr_consent%3D%26us_privacy%3D%26uid%3D%25USER_ID%25'. This request has been blocked; the content must be served over HTTPS. @ https://cookies.nextmillmedia.com/sync?gdpr=&gdpr_consent=&us_privacy=&redirect=https%3A%2F%2Fsync.cootlogix.com%2Fapi%2Fcookie%3FpartnerId%3Dnextmillmedia%26userId%3D%5BNMUID%5D%26gdpr%3D%26gdpr_consent%3D%26us_privacy%3D:42
[   11454ms] [ERROR] Failed to load resource: the server responded with a status of 424 (Failed Dependency) @ https://t.adx.opera.com/pub/sync?pubid=pub10101531197440&gdpr=1&gdpr_consent=:0
[   12153ms] [ERROR] Failed to load resource: the server responded with a status of 424 (Failed Dependency) @ https://t.adx.opera.com/pub/sync?pubid=pub10101531197440&gdpr=1&gdpr_consent=:0
[   16256ms] [ERROR] Failed to load resource: the server responded with a status of 424 (Failed Dependency) @ https://t.adx.opera.com/pub/sync?pubid=pub10101531197440&gdpr=1&gdpr_consent=:0
[   16504ms] [ERROR] Failed to load resource: the server responded with a status of 424 (Failed Dependency) @ https://t.adx.opera.com/pub/sync?pubid=pub10101531197440&gdpr=1&gdpr_consent=:0
[   18017ms] [LOG] Recent pixels found, Skipping... @ https://usync.ingage.tech/?gdpr=&gdpr_consent=&us_privacy=&redirect=https%3A%2F%2Fcookies.nextmillmedia.com%2Fsetuid%3Fbidder%3Dinsticator%26nmuid%3Dcd044a00-e489-41d8-b274-80d9322f0ec3%26gdpr%3D%26gdpr_consent%3D%26us_privacy%3D%26uid%3D%24UID:0
[   18121ms] [ERROR] Failed to load resource: net::ERR_NAME_NOT_RESOLVED @ https://cs.iqzone.com/6f0476ca45e1d6b67e3ee8d57532a022.gif?redir=https%3A%2F%2Fsync.cootlogix.com%2Fapi%2Fcookie%3FpartnerId%3Diqzone%26gdpr%3D%26gdpr_consent%3D%26us_privacy%3D%26userId%3D%5BUID%5D&gdpr=&gdpr_consent=&ccpa=:0
[   10312ms] [ERROR] Failed to load resource: the server responded with a status of 403 () @ chrome-error://chromewebdata/:0
[   14154ms] [ERROR] Refused to display 'https://csync-apac.smilewanted.com/' in a frame because it set 'X-Frame-Options' to 'sameorigin'. @ chrome-error://chromewebdata/:0
[   14899ms] [ERROR] Failed to load resource: the server responded with a status of 403 () @ chrome-error://chromewebdata/:0
[   14904ms] [ERROR] Refused to display 'https://csync-apac.smilewanted.com/' in a frame because it set 'X-Frame-Options' to 'sameorigin'. @ chrome-error://chromewebdata/:0
[   17436ms] [ERROR] Failed to load resource: the server responded with a status of 403 () @ chrome-error://chromewebdata/:0
[   17444ms] [ERROR] Refused to display 'https://csync-apac.smilewanted.com/' in a frame because it set 'X-Frame-Options' to 'sameorigin'. @ chrome-error://chromewebdata/:0
[   11454ms] [ERROR] Failed to load resource: the server responded with a status of 424 (Failed Dependency) @ https://t.adx.opera.com/pub/sync?pubid=pub10101531197440&gdpr=1&gdpr_consent=:0
[   12153ms] [ERROR] Failed to load resource: the server responded with a status of 424 (Failed Dependency) @ https://t.adx.opera.com/pub/sync?pubid=pub10101531197440&gdpr=1&gdpr_consent=:0
[   16256ms] [ERROR] Failed to load resource: the server responded with a status of 424 (Failed Dependency) @ https://t.adx.opera.com/pub/sync?pubid=pub10101531197440&gdpr=1&gdpr_consent=:0
[   16504ms] [ERROR] Failed to load resource: the server responded with a status of 424 (Failed Dependency) @ https://t.adx.opera.com/pub/sync?pubid=pub10101531197440&gdpr=1&gdpr_consent=:0
[   11967ms] [ERROR] Failed to load resource: net::ERR_NAME_NOT_RESOLVED @ https://dps.jp.cinarra.com/pxd?PLATFORM_ID=1&USER_ID=f30e93dc-b1d2-859d-c269-5e702ac63019:0
[   13954ms] [ERROR] Failed to load resource: net::ERR_CONNECTION_REFUSED @ https://cs.nex8.net/cs/openx:0
[   14575ms] [ERROR] Failed to load resource: net::ERR_NAME_NOT_RESOLVED @ https://match.rundsp.com/redirect?ex=openx:0
[   14676ms] [ERROR] Failed to load resource: net::ERR_NAME_NOT_RESOLVED @ https://j.mrpdata.net/c.html?ex=OpenX:0
[   14786ms] [ERROR] Failed to load resource: net::ERR_NAME_NOT_RESOLVED @ https://match.rundsp.com/redirect?ex=openx:0
[   10872ms] [ERROR] Failed to load resource: the server responded with a status of 404 () @ https://cs.admanmedia.com/292deb7c3c2bf25073c04bb900f3a44a.gif??gdpr=0&gdpr_consent=&us_privacy=&redir=https%3A%2F%2Fcookies.nextmillmedia.com%2Fsetuid%3Fbidder%3Dadmanmedia%26nmuid%3D%26gdpr%3D0%26gdpr_consent%3D%26us_privacy%3D%26uid%3D%5BUID%5D:0
[   15788ms] [ERROR] Failed to load resource: the server responded with a status of 404 () @ https://cs.admanmedia.com/292deb7c3c2bf25073c04bb900f3a44a.gif??gdpr=&gdpr_consent=&us_privacy=&redir=https%3A%2F%2Fcookies.nextmillmedia.com%2Fsetuid%3Fbidder%3Dadmanmedia%26nmuid%3Dcd044a00-e489-41d8-b274-80d9322f0ec3%26gdpr%3D%26gdpr_consent%3D%26us_privacy%3D%26uid%3D%5BUID%5D:0
[   18914ms] [ERROR] Failed to load resource: the server responded with a status of 404 () @ https://cs.admanmedia.com/292deb7c3c2bf25073c04bb900f3a44a.gif??gdpr=&gdpr_consent=&us_privacy=&redir=https%3A%2F%2Fcookies.nextmillmedia.com%2Fsetuid%3Fbidder%3Dadmanmedia%26nmuid%3Dcd044a00-e489-41d8-b274-80d9322f0ec3%26gdpr%3D%26gdpr_consent%3D%26us_privacy%3D%26uid%3D%5BUID%5D:0
[   19030ms] [ERROR] Failed to load resource: the server responded with a status of 404 () @ https://sync.crwdcntrl.net/qmap?c=2700&tp=UNDR&gdpr=&gdpr_consent=&tpid=377wht2nwi5qu29zjw0u9vd8t:0
[   19083ms] [ERROR] Failed to load resource: the server responded with a status of 424 (Failed Dependency) @ https://t.adx.opera.com/pub/sync?pubid=pub10101531197440&gdpr=1&gdpr_consent=:0
[   19379ms] [ERROR] Failed to load resource: the server responded with a status of 400 () @ https://cs.ingage.tech/v1/sync/equative/6fc641b2-d76b-498e-946f-d850ed7718fb?uid=:0
[    9172ms] [ERROR] Mixed Content: The page at 'https://smallseotools.com/' was loaded over HTTPS, but requested an insecure frame 'http://sync.pmbmonetize.live/psync?t=s&e=247&gdpr=0&gdpr_consent=&us_privacy=&gpp=&gpp_sid=&cb=https%3A%2F%2Fcookies.nextmillmedia.com%2Fsetuid%3Fbidder%3Dadipolo%26nmuid%3D%26gdpr%3D0%26gdpr_consent%3D%26us_privacy%3D%26uid%3D%25USER_ID%25'. This request has been blocked; the content must be served over HTTPS. @ https://cookies.nextmillmedia.com/sync?gdpr=0&gdpr_consent=&us_privacy=&gpp=&gpp_sid=&type=iframe:40
[   14084ms] [ERROR] Mixed Content: The page at 'https://smallseotools.com/' was loaded over HTTPS, but requested an insecure frame 'http://sync.pmbmonetize.live/psync?t=s&e=247&gdpr=&gdpr_consent=&us_privacy=&gpp=&gpp_sid=&cb=https%3A%2F%2Fcookies.nextmillmedia.com%2Fsetuid%3Fbidder%3Dadipolo%26nmuid%3Dcd044a00-e489-41d8-b274-80d9322f0ec3%26gdpr%3D%26gdpr_consent%3D%26us_privacy%3D%26uid%3D%25USER_ID%25'. This request has been blocked; the content must be served over HTTPS. @ https://cookies.nextmillmedia.com/sync?redirect=https%3A%2F%2Fsync.adkernel.com%2Fuser-sync%3Fzone%3D308936%26dsp%3D830598%26t%3Diframe%26uid%3D%5BNMUID%5D:42
[   16926ms] [ERROR] Mixed Content: The page at 'https://smallseotools.com/' was loaded over HTTPS, but requested an insecure frame 'http://sync.pmbmonetize.live/psync?t=s&e=247&gdpr=&gdpr_consent=&us_privacy=&gpp=&gpp_sid=&cb=https%3A%2F%2Fcookies.nextmillmedia.com%2Fsetuid%3Fbidder%3Dadipolo%26nmuid%3Dcd044a00-e489-41d8-b274-80d9322f0ec3%26gdpr%3D%26gdpr_consent%3D%26us_privacy%3D%26uid%3D%25USER_ID%25'. This request has been blocked; the content must be served over HTTPS. @ https://cookies.nextmillmedia.com/sync?gdpr=&gdpr_consent=&us_privacy=&redirect=https%3A%2F%2Fsync.cootlogix.com%2Fapi%2Fcookie%3FpartnerId%3Dnextmillmedia%26userId%3D%5BNMUID%5D%26gdpr%3D%26gdpr_consent%3D%26us_privacy%3D:42
[   18121ms] [ERROR] Failed to load resource: net::ERR_NAME_NOT_RESOLVED @ https://cs.iqzone.com/6f0476ca45e1d6b67e3ee8d57532a022.gif?redir=https%3A%2F%2Fsync.cootlogix.com%2Fapi%2Fcookie%3FpartnerId%3Diqzone%26gdpr%3D%26gdpr_consent%3D%26us_privacy%3D%26userId%3D%5BUID%5D&gdpr=&gdpr_consent=&ccpa=:0
[   21254ms] [ERROR] Failed to load resource: net::ERR_NAME_NOT_RESOLVED @ https://cs.iqzone.com/6f0476ca45e1d6b67e3ee8d57532a022.gif?redir=https%3A%2F%2Fsync.cootlogix.com%2Fapi%2Fcookie%3FpartnerId%3Diqzone%26gdpr%3D%26gdpr_consent%3D%26us_privacy%3D%26userId%3D%5BUID%5D&gdpr=&gdpr_consent=&ccpa=:0
[   21502ms] [ERROR] Failed to load resource: the server responded with a status of 404 (Not Found) @ https://us4.shb-sync.com/a760a5a7-e35e-49b8-9f5e-723455346741.gif?puid=a4cf63cf-f403-7513-b6ee-0ce0362ff708&gdpr=&gdpr_consent=ccpa=:0
[   21992ms] [ERROR] Failed to load resource: net::ERR_NAME_NOT_RESOLVED @ https://visitor-rtbmix.omnitagjs.com/visitor/bsync?uid=681194867b1fea57a9aee256eb5ea0a7&name=gen01&url=https%3A%2F%2Fsync.adtech.ink%2Fpsync%3Ft%3Dd%26e%3D103%26u%3DPARTNER_USER_ID%26clp%3DaHR0cHM6Ly9zeW5jLmNvb3Rsb2dpeC5jb20vYXBpL2Nvb2tpZT9wYXJ0bmVySWQ9YWRpc29udHYmdXNlcklkPSVVU0VSX0lEJSZnZHByPSZnZHByX2NvbnNlbnQ9JnVzX3ByaXZhY3k9:0
[   23497ms] [ERROR] Failed to load resource: net::ERR_TOO_MANY_REDIRECTS @ https://user-sync.fwmrm.net/ad/u?mode=user-register&dspid=80&dspuid=lpuVElIy31Qp&gdpr=0&gdpr_consent=&us_privacy=&gpp=&gpp_sid=&_fw_is_lat=&_fw_atts=&_fw_coppa=&ev=1&us_privacy=&pid=561914&gdpr_consent=&gdpr=0:0
[   30520ms] [ERROR] Access to fetch at 'https://hb-api.omnitagjs.com/hb-api/prebid/v1?RefererUrl=https%3A%2F%2Fsmallseotools.com%2F&PageUrl=https%3A%2F%2Fsmallseotools.com%2F&PageReferrer=https%3A%2F%2Fsmallseotools.com%2F&CanonicalUrl=https%3A%2F%2Fsmallseotools.com%2F' from origin 'https://smallseotools.com' has been blocked by CORS policy: No 'Access-Control-Allow-Origin' header is present on the requested resource. @ https://smallseotools.com/:0
[   30521ms] [ERROR] Failed to load resource: net::ERR_FAILED @ https://hb-api.omnitagjs.com/hb-api/prebid/v1?RefererUrl=https%3A%2F%2Fsmallseotools.com%2F&PageUrl=https%3A%2F%2Fsmallseotools.com%2F&PageReferrer=https%3A%2F%2Fsmallseotools.com%2F&CanonicalUrl=https%3A%2F%2Fsmallseotools.com%2F:0
[    7452ms] [ERROR] Refused to execute script from 'https://metrics.getrockerbox.com/track/v5?source=semrush&tier_one=dv360&tier_two=1025537991&tier_three=23535875006&tier_four=731869385&auction_id=1781773517154970&referrer=https://smallseotools.com/' because its MIME type ('image/gif') is not executable. @ https://ed528335702718c330cfa82d3535ac80.safeframe.googlesyndication.com/safeframe/1-0-45/html/container.html:0
[    7452ms] [ERROR] Refused to execute script from 'https://metrics.getrockerbox.com/track/v5?source=semrush&tier_one=dv360&tier_two=1025537991&tier_three=23535875006&tier_four=731869385&auction_id=1781773517154970&referrer=https://smallseotools.com/' because its MIME type ('image/gif') is not executable. @ https://ed528335702718c330cfa82d3535ac80.safeframe.googlesyndication.com/safeframe/1-0-45/html/container.html:0
[    7288ms] [ERROR] Attestation check for Shared Storage on https://www.googleadservices.com failed. @ https://www.googleadservices.com/pagead/managed/js/activeview/current/reach_worklet.html:0
[    7600ms] [ERROR] Attestation check for Shared Storage on https://www.googleadservices.com failed. @ https://www.googleadservices.com/pagead/managed/js/activeview/current/reach_worklet.html:0
[    7937ms] [ERROR] Attestation check for Shared Storage on https://www.googleadservices.com failed. @ https://www.googleadservices.com/pagead/managed/js/activeview/current/reach_worklet.html:0
[   32322ms] [ERROR] Attestation check for Attribution Reporting on https://ad.doubleclick.net failed. @ https://smallseotools.com/:0
[   32498ms] [ERROR] Refused to execute script from 'https://metrics.getrockerbox.com/track/v5?source=semrush&tier_one=dv360&tier_two=1028502593&tier_three=23897414847&tier_four=728575826&auction_id=1781773543032922&referrer=https://smallseotools.com/' because its MIME type ('image/gif') is not executable. @ https://ed528335702718c330cfa82d3535ac80.safeframe.googlesyndication.com/safeframe/1-0-45/html/container.html:0
[   32512ms] [ERROR] Attestation check for Shared Storage on https://www.googleadservices.com failed. @ https://www.googleadservices.com/pagead/managed/js/activeview/current/reach_worklet.html:0
[   32591ms] [ERROR] Attestation check for Attribution Reporting on https://ad.doubleclick.net failed. @ https://smallseotools.com/:0
[   32648ms] [ERROR] Attestation check for Attribution Reporting on https://ad.doubleclick.net failed. @ https://smallseotools.com/:0
[   32651ms] [ERROR] Refused to execute script from 'https://metrics.getrockerbox.com/track/v5?source=semrush&tier_one=dv360&tier_two=1028502593&tier_three=23897414847&tier_four=728575963&auction_id=1781773543032925&referrer=https://smallseotools.com/' because its MIME type ('image/gif') is not executable. @ https://ed528335702718c330cfa82d3535ac80.safeframe.googlesyndication.com/safeframe/1-0-45/html/container.html:0
[    7288ms] [ERROR] Attestation check for Shared Storage on https://www.googleadservices.com failed. @ https://www.googleadservices.com/pagead/managed/js/activeview/current/reach_worklet.html:0
[    7600ms] [ERROR] Attestation check for Shared Storage on https://www.googleadservices.com failed. @ https://www.googleadservices.com/pagead/managed/js/activeview/current/reach_worklet.html:0
[    7937ms] [ERROR] Attestation check for Shared Storage on https://www.googleadservices.com failed. @ https://www.googleadservices.com/pagead/managed/js/activeview/current/reach_worklet.html:0
[   32512ms] [ERROR] Attestation check for Shared Storage on https://www.googleadservices.com failed. @ https://www.googleadservices.com/pagead/managed/js/activeview/current/reach_worklet.html:0
[   32764ms] [ERROR] Failed to load resource: net::ERR_NAME_NOT_RESOLVED @ https://sync.search.spotxchange.com/partner?adv_id=7025&gdpr=0&redir=https%3A%2F%2Fcm.g.doubleclick.net%2Fpixel%3Fgoogle_nid%3Dspotxchange_dbm%26google_hm%3D%24SPOTX_BASE64_USER_ID:0
[   32883ms] [ERROR] Failed to load resource: net::ERR_NAME_NOT_RESOLVED @ https://sync.search.spotxchange.com/partner?adv_id=7025&gdpr=0&uid=CAESEAnxizM2KWZZap6MCUqwoGk&google_cver=1:0
[   32904ms] [ERROR] Attestation check for Shared Storage on https://www.googleadservices.com failed. @ https://www.googleadservices.com/pagead/managed/js/activeview/current/reach_worklet.html:0
[   32965ms] [ERROR] Attestation check for Attribution Reporting on https://ad.doubleclick.net failed. @ https://smallseotools.com/:0
[   34784ms] [ERROR] Failed to load resource: net::ERR_CONNECTION_TIMED_OUT @ https://id.rtb.mx/rum?uid=3e5a1eec-722f-4eca-8124-99b44b93f186&d=1781773524098:0
[   36560ms] [WARNING] The resource https://smallseotools.com/webimages/drop_chevron.svg was preloaded using link preload but not used within a few seconds from the window's load event. Please make sure it has an appropriate `as` value and it is preloaded intentionally. @ https://smallseotools.com/:0
[   57116ms] [ERROR] Access to fetch at 'https://hb-api.omnitagjs.com/hb-api/prebid/v1?RefererUrl=https%3A%2F%2Fsmallseotools.com%2F&PageUrl=https%3A%2F%2Fsmallseotools.com%2F&PageReferrer=https%3A%2F%2Fsmallseotools.com%2F&CanonicalUrl=https%3A%2F%2Fsmallseotools.com%2F' from origin 'https://smallseotools.com' has been blocked by CORS policy: No 'Access-Control-Allow-Origin' header is present on the requested resource. @ https://smallseotools.com/:0
[   57116ms] [ERROR] Failed to load resource: net::ERR_FAILED @ https://hb-api.omnitagjs.com/hb-api/prebid/v1?RefererUrl=https%3A%2F%2Fsmallseotools.com%2F&PageUrl=https%3A%2F%2Fsmallseotools.com%2F&PageReferrer=https%3A%2F%2Fsmallseotools.com%2F&CanonicalUrl=https%3A%2F%2Fsmallseotools.com%2F:0
[   32764ms] [ERROR] Failed to load resource: net::ERR_NAME_NOT_RESOLVED @ https://sync.search.spotxchange.com/partner?adv_id=7025&gdpr=0&redir=https%3A%2F%2Fcm.g.doubleclick.net%2Fpixel%3Fgoogle_nid%3Dspotxchange_dbm%26google_hm%3D%24SPOTX_BASE64_USER_ID:0
[   32883ms] [ERROR] Failed to load resource: net::ERR_NAME_NOT_RESOLVED @ https://sync.search.spotxchange.com/partner?adv_id=7025&gdpr=0&uid=CAESEAnxizM2KWZZap6MCUqwoGk&google_cver=1:0
[   32764ms] [ERROR] Failed to load resource: net::ERR_NAME_NOT_RESOLVED @ https://sync.search.spotxchange.com/partner?adv_id=7025&gdpr=0&redir=https%3A%2F%2Fcm.g.doubleclick.net%2Fpixel%3Fgoogle_nid%3Dspotxchange_dbm%26google_hm%3D%24SPOTX_BASE64_USER_ID:0
[   32883ms] [ERROR] Failed to load resource: net::ERR_NAME_NOT_RESOLVED @ https://sync.search.spotxchange.com/partner?adv_id=7025&gdpr=0&uid=CAESEAnxizM2KWZZap6MCUqwoGk&google_cver=1:0
[   58376ms] [ERROR] Failed to load resource: net::ERR_NAME_NOT_RESOLVED @ https://cs.lkqd.net/cs?partnerId=59&redirect=https%3A%2F%2Fcm.g.doubleclick.net%2Fpixel%3Fgoogle_nid%3Dlkqd_dbm%26google_hm%3D%24%24rawlkqduserid%7Cbase64%24%24:0
[   58414ms] [ERROR] Failed to load resource: net::ERR_NAME_NOT_RESOLVED @ https://cs.lkqd.net/cs?partnerId=59&partnerUserId=CAESEMb67CdnmmjwwnVFwQOFxUk&google_cver=1:0
[    7288ms] [ERROR] Attestation check for Shared Storage on https://www.googleadservices.com failed. @ https://www.googleadservices.com/pagead/managed/js/activeview/current/reach_worklet.html:0
[    7600ms] [ERROR] Attestation check for Shared Storage on https://www.googleadservices.com failed. @ https://www.googleadservices.com/pagead/managed/js/activeview/current/reach_worklet.html:0
[    7937ms] [ERROR] Attestation check for Shared Storage on https://www.googleadservices.com failed. @ https://www.googleadservices.com/pagead/managed/js/activeview/current/reach_worklet.html:0
[   32512ms] [ERROR] Attestation check for Shared Storage on https://www.googleadservices.com failed. @ https://www.googleadservices.com/pagead/managed/js/activeview/current/reach_worklet.html:0
[   32904ms] [ERROR] Attestation check for Shared Storage on https://www.googleadservices.com failed. @ https://www.googleadservices.com/pagead/managed/js/activeview/current/reach_worklet.html:0
[    7288ms] [ERROR] Attestation check for Shared Storage on https://www.googleadservices.com failed. @ https://www.googleadservices.com/pagead/managed/js/activeview/current/reach_worklet.html:0
[    7600ms] [ERROR] Attestation check for Shared Storage on https://www.googleadservices.com failed. @ https://www.googleadservices.com/pagead/managed/js/activeview/current/reach_worklet.html:0
[    7937ms] [ERROR] Attestation check for Shared Storage on https://www.googleadservices.com failed. @ https://www.googleadservices.com/pagead/managed/js/activeview/current/reach_worklet.html:0
[   32512ms] [ERROR] Attestation check for Shared Storage on https://www.googleadservices.com failed. @ https://www.googleadservices.com/pagead/managed/js/activeview/current/reach_worklet.html:0
[   32904ms] [ERROR] Attestation check for Shared Storage on https://www.googleadservices.com failed. @ https://www.googleadservices.com/pagead/managed/js/activeview/current/reach_worklet.html:0
[   59073ms] [ERROR] Refused to execute script from 'https://metrics.getrockerbox.com/track/v5?source=semrush&tier_one=dv360&tier_two=${INSERTION_ORDER_ID}&tier_three=${CAMPAIGN_ID}&tier_four=${CREATIVE_ID}&auction_id=${CACHEBUSTER}&referrer=${SOURCE_URL}' because its MIME type ('image/gif') is not executable. @ https://smallseotools.com/:0
[   59105ms] [ERROR] Attestation check for Shared Storage on https://www.googleadservices.com failed. @ https://www.googleadservices.com/pagead/managed/js/activeview/current/reach_worklet.html:0
[   59111ms] [ERROR] Attestation check for Shared Storage on https://www.googleadservices.com failed. @ https://www.googleadservices.com/pagead/managed/js/activeview/current/reach_worklet.html:0
[    7288ms] [ERROR] Attestation check for Shared Storage on https://www.googleadservices.com failed. @ https://www.googleadservices.com/pagead/managed/js/activeview/current/reach_worklet.html:0
[    7600ms] [ERROR] Attestation check for Shared Storage on https://www.googleadservices.com failed. @ https://www.googleadservices.com/pagead/managed/js/activeview/current/reach_worklet.html:0
[    7937ms] [ERROR] Attestation check for Shared Storage on https://www.googleadservices.com failed. @ https://www.googleadservices.com/pagead/managed/js/activeview/current/reach_worklet.html:0
[   32512ms] [ERROR] Attestation check for Shared Storage on https://www.googleadservices.com failed. @ https://www.googleadservices.com/pagead/managed/js/activeview/current/reach_worklet.html:0
[   32904ms] [ERROR] Attestation check for Shared Storage on https://www.googleadservices.com failed. @ https://www.googleadservices.com/pagead/managed/js/activeview/current/reach_worklet.html:0
[   59105ms] [ERROR] Attestation check for Shared Storage on https://www.googleadservices.com failed. @ https://www.googleadservices.com/pagead/managed/js/activeview/current/reach_worklet.html:0
[   59111ms] [ERROR] Attestation check for Shared Storage on https://www.googleadservices.com failed. @ https://www.googleadservices.com/pagead/managed/js/activeview/current/reach_worklet.html:0
[    7288ms] [ERROR] Attestation check for Shared Storage on https://www.googleadservices.com failed. @ https://www.googleadservices.com/pagead/managed/js/activeview/current/reach_worklet.html:0
[    7600ms] [ERROR] Attestation check for Shared Storage on https://www.googleadservices.com failed. @ https://www.googleadservices.com/pagead/managed/js/activeview/current/reach_worklet.html:0
[    7937ms] [ERROR] Attestation check for Shared Storage on https://www.googleadservices.com failed. @ https://www.googleadservices.com/pagead/managed/js/activeview/current/reach_worklet.html:0
[   32512ms] [ERROR] Attestation check for Shared Storage on https://www.googleadservices.com failed. @ https://www.googleadservices.com/pagead/managed/js/activeview/current/reach_worklet.html:0
[   32904ms] [ERROR] Attestation check for Shared Storage on https://www.googleadservices.com failed. @ https://www.googleadservices.com/pagead/managed/js/activeview/current/reach_worklet.html:0
[   59105ms] [ERROR] Attestation check for Shared Storage on https://www.googleadservices.com failed. @ https://www.googleadservices.com/pagead/managed/js/activeview/current/reach_worklet.html:0
[   59111ms] [ERROR] Attestation check for Shared Storage on https://www.googleadservices.com failed. @ https://www.googleadservices.com/pagead/managed/js/activeview/current/reach_worklet.html:0
[   59426ms] [ERROR] Attestation check for Shared Storage on https://www.googleadservices.com failed. @ https://www.googleadservices.com/pagead/managed/js/activeview/current/reach_worklet.html:0
[   59435ms] [ERROR] Refused to execute script from 'https://metrics.getrockerbox.com/track/v5?source=semrush&tier_one=dv360&tier_two=${INSERTION_ORDER_ID}&tier_three=${CAMPAIGN_ID}&tier_four=${CREATIVE_ID}&auction_id=${CACHEBUSTER}&referrer=${SOURCE_URL}' because its MIME type ('image/gif') is not executable. @ https://smallseotools.com/:0
[   59581ms] [ERROR] Attestation check for Shared Storage on https://www.googleadservices.com failed. @ https://www.googleadservices.com/pagead/managed/js/activeview/current/reach_worklet.html:0
[   59600ms] [ERROR] Failed to load resource: net::ERR_NAME_NOT_RESOLVED @ https://usermatch.krxd.net/um/v2?partner=tapad:0
[   59600ms] [ERROR] Failed to load resource: net::ERR_NAME_NOT_RESOLVED @ https://usermatch.krxd.net/um/v2?partner=tapad:0
[   59600ms] [ERROR] Failed to load resource: net::ERR_NAME_NOT_RESOLVED @ https://usermatch.krxd.net/um/v2?partner=tapad:0
[   59600ms] [ERROR] Failed to load resource: net::ERR_NAME_NOT_RESOLVED @ https://usermatch.krxd.net/um/v2?partner=tapad:0
[   59600ms] [ERROR] Failed to load resource: net::ERR_NAME_NOT_RESOLVED @ https://usermatch.krxd.net/um/v2?partner=tapad:0
[   59600ms] [ERROR] Failed to load resource: net::ERR_NAME_NOT_RESOLVED @ https://usermatch.krxd.net/um/v2?partner=tapad:0
[   34784ms] [ERROR] Failed to load resource: net::ERR_CONNECTION_TIMED_OUT @ https://id.rtb.mx/rum?uid=3e5a1eec-722f-4eca-8124-99b44b93f186&d=1781773524098:0
[   59600ms] [ERROR] Failed to load resource: net::ERR_NAME_NOT_RESOLVED @ https://usermatch.krxd.net/um/v2?partner=tapad:0
[   78283ms] [WARNING] The resource https://smallseotools.com/webimages/drop_chevron.svg was preloaded using link preload but not used within a few seconds from the window's load event. Please make sure it has an appropriate `as` value and it is preloaded intentionally. @ https://smallseotools.com/:0
[   84067ms] [WARNING] The resource https://smallseotools.com/webimages/drop_chevron.svg was preloaded using link preload but not used within a few seconds from the window's load event. Please make sure it has an appropriate `as` value and it is preloaded intentionally. @ https://smallseotools.com/:0
[   84260ms] [ERROR] Access to fetch at 'https://hb-api.omnitagjs.com/hb-api/prebid/v1?RefererUrl=https%3A%2F%2Fsmallseotools.com%2F&PageUrl=https%3A%2F%2Fsmallseotools.com%2F&PageReferrer=https%3A%2F%2Fsmallseotools.com%2F&CanonicalUrl=https%3A%2F%2Fsmallseotools.com%2F' from origin 'https://smallseotools.com' has been blocked by CORS policy: No 'Access-Control-Allow-Origin' header is present on the requested resource. @ https://smallseotools.com/:0
[   84261ms] [ERROR] Failed to load resource: net::ERR_FAILED @ https://hb-api.omnitagjs.com/hb-api/prebid/v1?RefererUrl=https%3A%2F%2Fsmallseotools.com%2F&PageUrl=https%3A%2F%2Fsmallseotools.com%2F&PageReferrer=https%3A%2F%2Fsmallseotools.com%2F&CanonicalUrl=https%3A%2F%2Fsmallseotools.com%2F:0
[   32764ms] [ERROR] Failed to load resource: net::ERR_NAME_NOT_RESOLVED @ https://sync.search.spotxchange.com/partner?adv_id=7025&gdpr=0&redir=https%3A%2F%2Fcm.g.doubleclick.net%2Fpixel%3Fgoogle_nid%3Dspotxchange_dbm%26google_hm%3D%24SPOTX_BASE64_USER_ID:0
[   32883ms] [ERROR] Failed to load resource: net::ERR_NAME_NOT_RESOLVED @ https://sync.search.spotxchange.com/partner?adv_id=7025&gdpr=0&uid=CAESEAnxizM2KWZZap6MCUqwoGk&google_cver=1:0
[   58376ms] [ERROR] Failed to load resource: net::ERR_NAME_NOT_RESOLVED @ https://cs.lkqd.net/cs?partnerId=59&redirect=https%3A%2F%2Fcm.g.doubleclick.net%2Fpixel%3Fgoogle_nid%3Dlkqd_dbm%26google_hm%3D%24%24rawlkqduserid%7Cbase64%24%24:0
[   58414ms] [ERROR] Failed to load resource: net::ERR_NAME_NOT_RESOLVED @ https://cs.lkqd.net/cs?partnerId=59&partnerUserId=CAESEMb67CdnmmjwwnVFwQOFxUk&google_cver=1:0
[   32764ms] [ERROR] Failed to load resource: net::ERR_NAME_NOT_RESOLVED @ https://sync.search.spotxchange.com/partner?adv_id=7025&gdpr=0&redir=https%3A%2F%2Fcm.g.doubleclick.net%2Fpixel%3Fgoogle_nid%3Dspotxchange_dbm%26google_hm%3D%24SPOTX_BASE64_USER_ID:0
[   32883ms] [ERROR] Failed to load resource: net::ERR_NAME_NOT_RESOLVED @ https://sync.search.spotxchange.com/partner?adv_id=7025&gdpr=0&uid=CAESEAnxizM2KWZZap6MCUqwoGk&google_cver=1:0
[   58376ms] [ERROR] Failed to load resource: net::ERR_NAME_NOT_RESOLVED @ https://cs.lkqd.net/cs?partnerId=59&redirect=https%3A%2F%2Fcm.g.doubleclick.net%2Fpixel%3Fgoogle_nid%3Dlkqd_dbm%26google_hm%3D%24%24rawlkqduserid%7Cbase64%24%24:0
[   58414ms] [ERROR] Failed to load resource: net::ERR_NAME_NOT_RESOLVED @ https://cs.lkqd.net/cs?partnerId=59&partnerUserId=CAESEMb67CdnmmjwwnVFwQOFxUk&google_cver=1:0
[    7288ms] [ERROR] Attestation check for Shared Storage on https://www.googleadservices.com failed. @ https://www.googleadservices.com/pagead/managed/js/activeview/current/reach_worklet.html:0
[    7600ms] [ERROR] Attestation check for Shared Storage on https://www.googleadservices.com failed. @ https://www.googleadservices.com/pagead/managed/js/activeview/current/reach_worklet.html:0
[    7937ms] [ERROR] Attestation check for Shared Storage on https://www.googleadservices.com failed. @ https://www.googleadservices.com/pagead/managed/js/activeview/current/reach_worklet.html:0
[   32512ms] [ERROR] Attestation check for Shared Storage on https://www.googleadservices.com failed. @ https://www.googleadservices.com/pagead/managed/js/activeview/current/reach_worklet.html:0
[   32904ms] [ERROR] Attestation check for Shared Storage on https://www.googleadservices.com failed. @ https://www.googleadservices.com/pagead/managed/js/activeview/current/reach_worklet.html:0
[   59105ms] [ERROR] Attestation check for Shared Storage on https://www.googleadservices.com failed. @ https://www.googleadservices.com/pagead/managed/js/activeview/current/reach_worklet.html:0
[   59111ms] [ERROR] Attestation check for Shared Storage on https://www.googleadservices.com failed. @ https://www.googleadservices.com/pagead/managed/js/activeview/current/reach_worklet.html:0
[   59426ms] [ERROR] Attestation check for Shared Storage on https://www.googleadservices.com failed. @ https://www.googleadservices.com/pagead/managed/js/activeview/current/reach_worklet.html:0
[   59581ms] [ERROR] Attestation check for Shared Storage on https://www.googleadservices.com failed. @ https://www.googleadservices.com/pagead/managed/js/activeview/current/reach_worklet.html:0
[   59600ms] [ERROR] Failed to load resource: net::ERR_NAME_NOT_RESOLVED @ https://usermatch.krxd.net/um/v2?partner=tapad:0
[    7288ms] [ERROR] Attestation check for Shared Storage on https://www.googleadservices.com failed. @ https://www.googleadservices.com/pagead/managed/js/activeview/current/reach_worklet.html:0
[    7600ms] [ERROR] Attestation check for Shared Storage on https://www.googleadservices.com failed. @ https://www.googleadservices.com/pagead/managed/js/activeview/current/reach_worklet.html:0
[    7937ms] [ERROR] Attestation check for Shared Storage on https://www.googleadservices.com failed. @ https://www.googleadservices.com/pagead/managed/js/activeview/current/reach_worklet.html:0
[   32512ms] [ERROR] Attestation check for Shared Storage on https://www.googleadservices.com failed. @ https://www.googleadservices.com/pagead/managed/js/activeview/current/reach_worklet.html:0
[   32904ms] [ERROR] Attestation check for Shared Storage on https://www.googleadservices.com failed. @ https://www.googleadservices.com/pagead/managed/js/activeview/current/reach_worklet.html:0
[   59105ms] [ERROR] Attestation check for Shared Storage on https://www.googleadservices.com failed. @ https://www.googleadservices.com/pagead/managed/js/activeview/current/reach_worklet.html:0
[   59111ms] [ERROR] Attestation check for Shared Storage on https://www.googleadservices.com failed. @ https://www.googleadservices.com/pagead/managed/js/activeview/current/reach_worklet.html:0
[   59426ms] [ERROR] Attestation check for Shared Storage on https://www.googleadservices.com failed. @ https://www.googleadservices.com/pagead/managed/js/activeview/current/reach_worklet.html:0
[   59581ms] [ERROR] Attestation check for Shared Storage on https://www.googleadservices.com failed. @ https://www.googleadservices.com/pagead/managed/js/activeview/current/reach_worklet.html:0
[   86309ms] [ERROR] Attestation check for Shared Storage on https://www.googleadservices.com failed. @ https://www.googleadservices.com/pagead/managed/js/activeview/current/reach_worklet.html:0
[   86358ms] [ERROR] Refused to execute script from 'https://metrics.getrockerbox.com/track/v5?source=semrush&tier_one=dv360&tier_two=${INSERTION_ORDER_ID}&tier_three=${CAMPAIGN_ID}&tier_four=${CREATIVE_ID}&auction_id=${CACHEBUSTER}&referrer=${SOURCE_URL}' because its MIME type ('image/gif') is not executable. @ https://smallseotools.com/:0
[   59600ms] [ERROR] Failed to load resource: net::ERR_NAME_NOT_RESOLVED @ https://usermatch.krxd.net/um/v2?partner=tapad:0
[    7288ms] [ERROR] Attestation check for Shared Storage on https://www.googleadservices.com failed. @ https://www.googleadservices.com/pagead/managed/js/activeview/current/reach_worklet.html:0
[    7600ms] [ERROR] Attestation check for Shared Storage on https://www.googleadservices.com failed. @ https://www.googleadservices.com/pagead/managed/js/activeview/current/reach_worklet.html:0
[    7937ms] [ERROR] Attestation check for Shared Storage on https://www.googleadservices.com failed. @ https://www.googleadservices.com/pagead/managed/js/activeview/current/reach_worklet.html:0
[   32512ms] [ERROR] Attestation check for Shared Storage on https://www.googleadservices.com failed. @ https://www.googleadservices.com/pagead/managed/js/activeview/current/reach_worklet.html:0
[   32904ms] [ERROR] Attestation check for Shared Storage on https://www.googleadservices.com failed. @ https://www.googleadservices.com/pagead/managed/js/activeview/current/reach_worklet.html:0
[   59105ms] [ERROR] Attestation check for Shared Storage on https://www.googleadservices.com failed. @ https://www.googleadservices.com/pagead/managed/js/activeview/current/reach_worklet.html:0
[   59111ms] [ERROR] Attestation check for Shared Storage on https://www.googleadservices.com failed. @ https://www.googleadservices.com/pagead/managed/js/activeview/current/reach_worklet.html:0
[   59426ms] [ERROR] Attestation check for Shared Storage on https://www.googleadservices.com failed. @ https://www.googleadservices.com/pagead/managed/js/activeview/current/reach_worklet.html:0
[   59581ms] [ERROR] Attestation check for Shared Storage on https://www.googleadservices.com failed. @ https://www.googleadservices.com/pagead/managed/js/activeview/current/reach_worklet.html:0
[   86309ms] [ERROR] Attestation check for Shared Storage on https://www.googleadservices.com failed. @ https://www.googleadservices.com/pagead/managed/js/activeview/current/reach_worklet.html:0
[   86462ms] [ERROR] Attestation check for Shared Storage on https://www.googleadservices.com failed. @ https://www.googleadservices.com/pagead/managed/js/activeview/current/reach_worklet.html:0
[   86606ms] [ERROR] Refused to execute script from 'https://metrics.getrockerbox.com/track/v5?source=semrush&tier_one=dv360&tier_two=${INSERTION_ORDER_ID}&tier_three=${CAMPAIGN_ID}&tier_four=${CREATIVE_ID}&auction_id=${CACHEBUSTER}&referrer=${SOURCE_URL}' because its MIME type ('image/gif') is not executable. @ https://smallseotools.com/:0
[    7288ms] [ERROR] Attestation check for Shared Storage on https://www.googleadservices.com failed. @ https://www.googleadservices.com/pagead/managed/js/activeview/current/reach_worklet.html:0
[    7600ms] [ERROR] Attestation check for Shared Storage on https://www.googleadservices.com failed. @ https://www.googleadservices.com/pagead/managed/js/activeview/current/reach_worklet.html:0
[    7937ms] [ERROR] Attestation check for Shared Storage on https://www.googleadservices.com failed. @ https://www.googleadservices.com/pagead/managed/js/activeview/current/reach_worklet.html:0
[   32512ms] [ERROR] Attestation check for Shared Storage on https://www.googleadservices.com failed. @ https://www.googleadservices.com/pagead/managed/js/activeview/current/reach_worklet.html:0
[   32904ms] [ERROR] Attestation check for Shared Storage on https://www.googleadservices.com failed. @ https://www.googleadservices.com/pagead/managed/js/activeview/current/reach_worklet.html:0
[   59105ms] [ERROR] Attestation check for Shared Storage on https://www.googleadservices.com failed. @ https://www.googleadservices.com/pagead/managed/js/activeview/current/reach_worklet.html:0
[   59111ms] [ERROR] Attestation check for Shared Storage on https://www.googleadservices.com failed. @ https://www.googleadservices.com/pagead/managed/js/activeview/current/reach_worklet.html:0
[   59426ms] [ERROR] Attestation check for Shared Storage on https://www.googleadservices.com failed. @ https://www.googleadservices.com/pagead/managed/js/activeview/current/reach_worklet.html:0
[   59581ms] [ERROR] Attestation check for Shared Storage on https://www.googleadservices.com failed. @ https://www.googleadservices.com/pagead/managed/js/activeview/current/reach_worklet.html:0
[   86309ms] [ERROR] Attestation check for Shared Storage on https://www.googleadservices.com failed. @ https://www.googleadservices.com/pagead/managed/js/activeview/current/reach_worklet.html:0
[   86462ms] [ERROR] Attestation check for Shared Storage on https://www.googleadservices.com failed. @ https://www.googleadservices.com/pagead/managed/js/activeview/current/reach_worklet.html:0
[   86697ms] [ERROR] Attestation check for Shared Storage on https://www.googleadservices.com failed. @ https://www.googleadservices.com/pagead/managed/js/activeview/current/reach_worklet.html:0
[   59600ms] [ERROR] Failed to load resource: net::ERR_NAME_NOT_RESOLVED @ https://usermatch.krxd.net/um/v2?partner=tapad:0
[   86926ms] [ERROR] Attestation check for Shared Storage on https://www.googleadservices.com failed. @ https://www.googleadservices.com/pagead/managed/js/activeview/current/reach_worklet.html:0
[   59600ms] [ERROR] Failed to load resource: net::ERR_NAME_NOT_RESOLVED @ https://usermatch.krxd.net/um/v2?partner=tapad:0
[   59600ms] [ERROR] Failed to load resource: net::ERR_NAME_NOT_RESOLVED @ https://usermatch.krxd.net/um/v2?partner=tapad:0
[   59600ms] [ERROR] Failed to load resource: net::ERR_NAME_NOT_RESOLVED @ https://usermatch.krxd.net/um/v2?partner=tapad:0
[   59600ms] [ERROR] Failed to load resource: net::ERR_NAME_NOT_RESOLVED @ https://usermatch.krxd.net/um/v2?partner=tapad:0
[   34784ms] [ERROR] Failed to load resource: net::ERR_CONNECTION_TIMED_OUT @ https://id.rtb.mx/rum?uid=3e5a1eec-722f-4eca-8124-99b44b93f186&d=1781773524098:0
[   59600ms] [ERROR] Failed to load resource: net::ERR_NAME_NOT_RESOLVED @ https://usermatch.krxd.net/um/v2?partner=tapad:0
[   11454ms] [ERROR] Failed to load resource: the server responded with a status of 424 (Failed Dependency) @ https://t.adx.opera.com/pub/sync?pubid=pub10101531197440&gdpr=1&gdpr_consent=:0
[   12153ms] [ERROR] Failed to load resource: the server responded with a status of 424 (Failed Dependency) @ https://t.adx.opera.com/pub/sync?pubid=pub10101531197440&gdpr=1&gdpr_consent=:0
[   16256ms] [ERROR] Failed to load resource: the server responded with a status of 424 (Failed Dependency) @ https://t.adx.opera.com/pub/sync?pubid=pub10101531197440&gdpr=1&gdpr_consent=:0
[   16504ms] [ERROR] Failed to load resource: the server responded with a status of 424 (Failed Dependency) @ https://t.adx.opera.com/pub/sync?pubid=pub10101531197440&gdpr=1&gdpr_consent=:0
[   19083ms] [ERROR] Failed to load resource: the server responded with a status of 424 (Failed Dependency) @ https://t.adx.opera.com/pub/sync?pubid=pub10101531197440&gdpr=1&gdpr_consent=:0
[   88412ms] [ERROR] Failed to load resource: the server responded with a status of 400 (Bad Request) @ https://sync.adkernel.com/user-sync?zone=269038&r=https%3A%2F%2Fu-sjc03.e-planning.net%2Fum%3Fuid%3D%7BUID%7D%26dc%3D06ca82c8327a7f3f%26fi%3Db821e529698e8c59:0
[   88669ms] [WARNING] The resource https://smallseotools.com/webimages/drop_chevron.svg was preloaded using link preload but not used within a few seconds from the window's load event. Please make sure it has an appropriate `as` value and it is preloaded intentionally. @ https://smallseotools.com/:0
[   88833ms] [ERROR] Failed to load resource: the server responded with a status of 400 () @ https://bcp.crwdcntrl.net/map/c=13620/tp=ZEOT/tpid=ed33b466-7d27-41df-4848-cc923f554484?https://mwzeom.zeotap.com/mw?pid=${profile_id}&zpartnerid=637&env=mWeb&env=mWeb&eventType=map&gdpr=1&gdpr_consent=&id_mid_4=ed33b466-7d27-41df-4848-cc923f554484&reqId=7db48ae4-1004-41f5-5613-4d05d0fc7aa2&zdid=1361:0
[   88857ms] [ERROR] Failed to load resource: net::ERR_NAME_NOT_RESOLVED @ https://usermatch.krxd.net/um/v2?partner=zeotap&env=mWeb&eventType=map&gdpr=1&gdpr_consent=&id_mid_4=ed33b466-7d27-41df-4848-cc923f554484&reqId=7db48ae4-1004-41f5-5613-4d05d0fc7aa2&zdid=1361:0
[   88858ms] [ERROR] Failed to load resource: the server responded with a status of 403 () @ https://c1.adform.net/serving/cookie/match?party=1105&env=mWeb&eventType=map&gdpr=1&gdpr_consent=&id_mid_4=ed33b466-7d27-41df-4848-cc923f554484&reqId=7db48ae4-1004-41f5-5613-4d05d0fc7aa2&zdid=1361:0
[   88975ms] [ERROR] Failed to load resource: net::ERR_NAME_NOT_RESOLVED @ https://beacon.krxd.net/usermatch.gif?partner=zeotap&partner_uid=141838&env=mWeb&eventType=map&gdpr=1&gdpr_consent=&id_mid_4=ed33b466-7d27-41df-4848-cc923f554484&reqId=7db48ae4-1004-41f5-5613-4d05d0fc7aa2&zdid=1361:0
[   11454ms] [ERROR] Failed to load resource: the server responded with a status of 424 (Failed Dependency) @ https://t.adx.opera.com/pub/sync?pubid=pub10101531197440&gdpr=1&gdpr_consent=:0
[   12153ms] [ERROR] Failed to load resource: the server responded with a status of 424 (Failed Dependency) @ https://t.adx.opera.com/pub/sync?pubid=pub10101531197440&gdpr=1&gdpr_consent=:0
[   16256ms] [ERROR] Failed to load resource: the server responded with a status of 424 (Failed Dependency) @ https://t.adx.opera.com/pub/sync?pubid=pub10101531197440&gdpr=1&gdpr_consent=:0
[   16504ms] [ERROR] Failed to load resource: the server responded with a status of 424 (Failed Dependency) @ https://t.adx.opera.com/pub/sync?pubid=pub10101531197440&gdpr=1&gdpr_consent=:0
[   19083ms] [ERROR] Failed to load resource: the server responded with a status of 424 (Failed Dependency) @ https://t.adx.opera.com/pub/sync?pubid=pub10101531197440&gdpr=1&gdpr_consent=:0
[   59600ms] [ERROR] Failed to load resource: net::ERR_NAME_NOT_RESOLVED @ https://usermatch.krxd.net/um/v2?partner=tapad:0
[   95030ms] [WARNING] The resource https://smallseotools.com/webimages/drop_chevron.svg was preloaded using link preload but not used within a few seconds from the window's load event. Please make sure it has an appropriate `as` value and it is preloaded intentionally. @ https://smallseotools.com/:0
[  103378ms] [WARNING] The resource https://smallseotools.com/webimages/drop_chevron.svg was preloaded using link preload but not used within a few seconds from the window's load event. Please make sure it has an appropriate `as` value and it is preloaded intentionally. @ https://smallseotools.com/:0
[  111042ms] [WARNING] The resource https://smallseotools.com/webimages/drop_chevron.svg was preloaded using link preload but not used within a few seconds from the window's load event. Please make sure it has an appropriate `as` value and it is preloaded intentionally. @ https://smallseotools.com/:0
[  111297ms] [ERROR] Access to fetch at 'https://hb-api.omnitagjs.com/hb-api/prebid/v1?RefererUrl=https%3A%2F%2Fsmallseotools.com%2F&PageUrl=https%3A%2F%2Fsmallseotools.com%2F&PageReferrer=https%3A%2F%2Fsmallseotools.com%2F&CanonicalUrl=https%3A%2F%2Fsmallseotools.com%2F' from origin 'https://smallseotools.com' has been blocked by CORS policy: No 'Access-Control-Allow-Origin' header is present on the requested resource. @ https://smallseotools.com/:0
[  111297ms] [ERROR] Failed to load resource: net::ERR_FAILED @ https://hb-api.omnitagjs.com/hb-api/prebid/v1?RefererUrl=https%3A%2F%2Fsmallseotools.com%2F&PageUrl=https%3A%2F%2Fsmallseotools.com%2F&PageReferrer=https%3A%2F%2Fsmallseotools.com%2F&CanonicalUrl=https%3A%2F%2Fsmallseotools.com%2F:0
[   32764ms] [ERROR] Failed to load resource: net::ERR_NAME_NOT_RESOLVED @ https://sync.search.spotxchange.com/partner?adv_id=7025&gdpr=0&redir=https%3A%2F%2Fcm.g.doubleclick.net%2Fpixel%3Fgoogle_nid%3Dspotxchange_dbm%26google_hm%3D%24SPOTX_BASE64_USER_ID:0
[   32883ms] [ERROR] Failed to load resource: net::ERR_NAME_NOT_RESOLVED @ https://sync.search.spotxchange.com/partner?adv_id=7025&gdpr=0&uid=CAESEAnxizM2KWZZap6MCUqwoGk&google_cver=1:0
[   58376ms] [ERROR] Failed to load resource: net::ERR_NAME_NOT_RESOLVED @ https://cs.lkqd.net/cs?partnerId=59&redirect=https%3A%2F%2Fcm.g.doubleclick.net%2Fpixel%3Fgoogle_nid%3Dlkqd_dbm%26google_hm%3D%24%24rawlkqduserid%7Cbase64%24%24:0
[   58414ms] [ERROR] Failed to load resource: net::ERR_NAME_NOT_RESOLVED @ https://cs.lkqd.net/cs?partnerId=59&partnerUserId=CAESEMb67CdnmmjwwnVFwQOFxUk&google_cver=1:0
[   32764ms] [ERROR] Failed to load resource: net::ERR_NAME_NOT_RESOLVED @ https://sync.search.spotxchange.com/partner?adv_id=7025&gdpr=0&redir=https%3A%2F%2Fcm.g.doubleclick.net%2Fpixel%3Fgoogle_nid%3Dspotxchange_dbm%26google_hm%3D%24SPOTX_BASE64_USER_ID:0
[   32883ms] [ERROR] Failed to load resource: net::ERR_NAME_NOT_RESOLVED @ https://sync.search.spotxchange.com/partner?adv_id=7025&gdpr=0&uid=CAESEAnxizM2KWZZap6MCUqwoGk&google_cver=1:0
[   58376ms] [ERROR] Failed to load resource: net::ERR_NAME_NOT_RESOLVED @ https://cs.lkqd.net/cs?partnerId=59&redirect=https%3A%2F%2Fcm.g.doubleclick.net%2Fpixel%3Fgoogle_nid%3Dlkqd_dbm%26google_hm%3D%24%24rawlkqduserid%7Cbase64%24%24:0
[   58414ms] [ERROR] Failed to load resource: net::ERR_NAME_NOT_RESOLVED @ https://cs.lkqd.net/cs?partnerId=59&partnerUserId=CAESEMb67CdnmmjwwnVFwQOFxUk&google_cver=1:0
[    7288ms] [ERROR] Attestation check for Shared Storage on https://www.googleadservices.com failed. @ https://www.googleadservices.com/pagead/managed/js/activeview/current/reach_worklet.html:0
[    7600ms] [ERROR] Attestation check for Shared Storage on https://www.googleadservices.com failed. @ https://www.googleadservices.com/pagead/managed/js/activeview/current/reach_worklet.html:0
[    7937ms] [ERROR] Attestation check for Shared Storage on https://www.googleadservices.com failed. @ https://www.googleadservices.com/pagead/managed/js/activeview/current/reach_worklet.html:0
[   32512ms] [ERROR] Attestation check for Shared Storage on https://www.googleadservices.com failed. @ https://www.googleadservices.com/pagead/managed/js/activeview/current/reach_worklet.html:0
[   32904ms] [ERROR] Attestation check for Shared Storage on https://www.googleadservices.com failed. @ https://www.googleadservices.com/pagead/managed/js/activeview/current/reach_worklet.html:0
[   59105ms] [ERROR] Attestation check for Shared Storage on https://www.googleadservices.com failed. @ https://www.googleadservices.com/pagead/managed/js/activeview/current/reach_worklet.html:0
[   59111ms] [ERROR] Attestation check for Shared Storage on https://www.googleadservices.com failed. @ https://www.googleadservices.com/pagead/managed/js/activeview/current/reach_worklet.html:0
[   59426ms] [ERROR] Attestation check for Shared Storage on https://www.googleadservices.com failed. @ https://www.googleadservices.com/pagead/managed/js/activeview/current/reach_worklet.html:0
[   59581ms] [ERROR] Attestation check for Shared Storage on https://www.googleadservices.com failed. @ https://www.googleadservices.com/pagead/managed/js/activeview/current/reach_worklet.html:0
[   86309ms] [ERROR] Attestation check for Shared Storage on https://www.googleadservices.com failed. @ https://www.googleadservices.com/pagead/managed/js/activeview/current/reach_worklet.html:0
[   86462ms] [ERROR] Attestation check for Shared Storage on https://www.googleadservices.com failed. @ https://www.googleadservices.com/pagead/managed/js/activeview/current/reach_worklet.html:0
[   86697ms] [ERROR] Attestation check for Shared Storage on https://www.googleadservices.com failed. @ https://www.googleadservices.com/pagead/managed/js/activeview/current/reach_worklet.html:0
[   86926ms] [ERROR] Attestation check for Shared Storage on https://www.googleadservices.com failed. @ https://www.googleadservices.com/pagead/managed/js/activeview/current/reach_worklet.html:0
[   59600ms] [ERROR] Failed to load resource: net::ERR_NAME_NOT_RESOLVED @ https://usermatch.krxd.net/um/v2?partner=tapad:0
[    7288ms] [ERROR] Attestation check for Shared Storage on https://www.googleadservices.com failed. @ https://www.googleadservices.com/pagead/managed/js/activeview/current/reach_worklet.html:0
[    7600ms] [ERROR] Attestation check for Shared Storage on https://www.googleadservices.com failed. @ https://www.googleadservices.com/pagead/managed/js/activeview/current/reach_worklet.html:0
[    7937ms] [ERROR] Attestation check for Shared Storage on https://www.googleadservices.com failed. @ https://www.googleadservices.com/pagead/managed/js/activeview/current/reach_worklet.html:0
[   32512ms] [ERROR] Attestation check for Shared Storage on https://www.googleadservices.com failed. @ https://www.googleadservices.com/pagead/managed/js/activeview/current/reach_worklet.html:0
[   32904ms] [ERROR] Attestation check for Shared Storage on https://www.googleadservices.com failed. @ https://www.googleadservices.com/pagead/managed/js/activeview/current/reach_worklet.html:0
[   59105ms] [ERROR] Attestation check for Shared Storage on https://www.googleadservices.com failed. @ https://www.googleadservices.com/pagead/managed/js/activeview/current/reach_worklet.html:0
[   59111ms] [ERROR] Attestation check for Shared Storage on https://www.googleadservices.com failed. @ https://www.googleadservices.com/pagead/managed/js/activeview/current/reach_worklet.html:0
[   59426ms] [ERROR] Attestation check for Shared Storage on https://www.googleadservices.com failed. @ https://www.googleadservices.com/pagead/managed/js/activeview/current/reach_worklet.html:0
[   59581ms] [ERROR] Attestation check for Shared Storage on https://www.googleadservices.com failed. @ https://www.googleadservices.com/pagead/managed/js/activeview/current/reach_worklet.html:0
[   86309ms] [ERROR] Attestation check for Shared Storage on https://www.googleadservices.com failed. @ https://www.googleadservices.com/pagead/managed/js/activeview/current/reach_worklet.html:0
[   86462ms] [ERROR] Attestation check for Shared Storage on https://www.googleadservices.com failed. @ https://www.googleadservices.com/pagead/managed/js/activeview/current/reach_worklet.html:0
[   86697ms] [ERROR] Attestation check for Shared Storage on https://www.googleadservices.com failed. @ https://www.googleadservices.com/pagead/managed/js/activeview/current/reach_worklet.html:0
[   86926ms] [ERROR] Attestation check for Shared Storage on https://www.googleadservices.com failed. @ https://www.googleadservices.com/pagead/managed/js/activeview/current/reach_worklet.html:0
[  112949ms] [ERROR] Attestation check for Shared Storage on https://www.googleadservices.com failed. @ https://www.googleadservices.com/pagead/managed/js/activeview/current/reach_worklet.html:0
[  113096ms] [ERROR] Refused to execute script from 'https://metrics.getrockerbox.com/track/v5?source=semrush&tier_one=dv360&tier_two=${INSERTION_ORDER_ID}&tier_three=${CAMPAIGN_ID}&tier_four=${CREATIVE_ID}&auction_id=${CACHEBUSTER}&referrer=${SOURCE_URL}' because its MIME type ('image/gif') is not executable. @ https://smallseotools.com/:0
[   59600ms] [ERROR] Failed to load resource: net::ERR_NAME_NOT_RESOLVED @ https://usermatch.krxd.net/um/v2?partner=tapad:0
[    7288ms] [ERROR] Attestation check for Shared Storage on https://www.googleadservices.com failed. @ https://www.googleadservices.com/pagead/managed/js/activeview/current/reach_worklet.html:0
[    7600ms] [ERROR] Attestation check for Shared Storage on https://www.googleadservices.com failed. @ https://www.googleadservices.com/pagead/managed/js/activeview/current/reach_worklet.html:0
[    7937ms] [ERROR] Attestation check for Shared Storage on https://www.googleadservices.com failed. @ https://www.googleadservices.com/pagead/managed/js/activeview/current/reach_worklet.html:0
[   32512ms] [ERROR] Attestation check for Shared Storage on https://www.googleadservices.com failed. @ https://www.googleadservices.com/pagead/managed/js/activeview/current/reach_worklet.html:0
[   32904ms] [ERROR] Attestation check for Shared Storage on https://www.googleadservices.com failed. @ https://www.googleadservices.com/pagead/managed/js/activeview/current/reach_worklet.html:0
[   59105ms] [ERROR] Attestation check for Shared Storage on https://www.googleadservices.com failed. @ https://www.googleadservices.com/pagead/managed/js/activeview/current/reach_worklet.html:0
[   59111ms] [ERROR] Attestation check for Shared Storage on https://www.googleadservices.com failed. @ https://www.googleadservices.com/pagead/managed/js/activeview/current/reach_worklet.html:0
[   59426ms] [ERROR] Attestation check for Shared Storage on https://www.googleadservices.com failed. @ https://www.googleadservices.com/pagead/managed/js/activeview/current/reach_worklet.html:0
[   59581ms] [ERROR] Attestation check for Shared Storage on https://www.googleadservices.com failed. @ https://www.googleadservices.com/pagead/managed/js/activeview/current/reach_worklet.html:0
[   86309ms] [ERROR] Attestation check for Shared Storage on https://www.googleadservices.com failed. @ https://www.googleadservices.com/pagead/managed/js/activeview/current/reach_worklet.html:0
[   86462ms] [ERROR] Attestation check for Shared Storage on https://www.googleadservices.com failed. @ https://www.googleadservices.com/pagead/managed/js/activeview/current/reach_worklet.html:0
[   86697ms] [ERROR] Attestation check for Shared Storage on https://www.googleadservices.com failed. @ https://www.googleadservices.com/pagead/managed/js/activeview/current/reach_worklet.html:0
[   86926ms] [ERROR] Attestation check for Shared Storage on https://www.googleadservices.com failed. @ https://www.googleadservices.com/pagead/managed/js/activeview/current/reach_worklet.html:0
[  112949ms] [ERROR] Attestation check for Shared Storage on https://www.googleadservices.com failed. @ https://www.googleadservices.com/pagead/managed/js/activeview/current/reach_worklet.html:0
[  113178ms] [ERROR] Attestation check for Shared Storage on https://www.googleadservices.com failed. @ https://www.googleadservices.com/pagead/managed/js/activeview/current/reach_worklet.html:0
[    7288ms] [ERROR] Attestation check for Shared Storage on https://www.googleadservices.com failed. @ https://www.googleadservices.com/pagead/managed/js/activeview/current/reach_worklet.html:0
[    7600ms] [ERROR] Attestation check for Shared Storage on https://www.googleadservices.com failed. @ https://www.googleadservices.com/pagead/managed/js/activeview/current/reach_worklet.html:0
[    7937ms] [ERROR] Attestation check for Shared Storage on https://www.googleadservices.com failed. @ https://www.googleadservices.com/pagead/managed/js/activeview/current/reach_worklet.html:0
[   32512ms] [ERROR] Attestation check for Shared Storage on https://www.googleadservices.com failed. @ https://www.googleadservices.com/pagead/managed/js/activeview/current/reach_worklet.html:0
[   32904ms] [ERROR] Attestation check for Shared Storage on https://www.googleadservices.com failed. @ https://www.googleadservices.com/pagead/managed/js/activeview/current/reach_worklet.html:0
[   59105ms] [ERROR] Attestation check for Shared Storage on https://www.googleadservices.com failed. @ https://www.googleadservices.com/pagead/managed/js/activeview/current/reach_worklet.html:0
[   59111ms] [ERROR] Attestation check for Shared Storage on https://www.googleadservices.com failed. @ https://www.googleadservices.com/pagead/managed/js/activeview/current/reach_worklet.html:0
[   59426ms] [ERROR] Attestation check for Shared Storage on https://www.googleadservices.com failed. @ https://www.googleadservices.com/pagead/managed/js/activeview/current/reach_worklet.html:0
[   59581ms] [ERROR] Attestation check for Shared Storage on https://www.googleadservices.com failed. @ https://www.googleadservices.com/pagead/managed/js/activeview/current/reach_worklet.html:0
[   86309ms] [ERROR] Attestation check for Shared Storage on https://www.googleadservices.com failed. @ https://www.googleadservices.com/pagead/managed/js/activeview/current/reach_worklet.html:0
[   86462ms] [ERROR] Attestation check for Shared Storage on https://www.googleadservices.com failed. @ https://www.googleadservices.com/pagead/managed/js/activeview/current/reach_worklet.html:0
[   86697ms] [ERROR] Attestation check for Shared Storage on https://www.googleadservices.com failed. @ https://www.googleadservices.com/pagead/managed/js/activeview/current/reach_worklet.html:0
[   86926ms] [ERROR] Attestation check for Shared Storage on https://www.googleadservices.com failed. @ https://www.googleadservices.com/pagead/managed/js/activeview/current/reach_worklet.html:0
[  112949ms] [ERROR] Attestation check for Shared Storage on https://www.googleadservices.com failed. @ https://www.googleadservices.com/pagead/managed/js/activeview/current/reach_worklet.html:0
[  113178ms] [ERROR] Attestation check for Shared Storage on https://www.googleadservices.com failed. @ https://www.googleadservices.com/pagead/managed/js/activeview/current/reach_worklet.html:0
[  113492ms] [ERROR] Attestation check for Shared Storage on https://www.googleadservices.com failed. @ https://www.googleadservices.com/pagead/managed/js/activeview/current/reach_worklet.html:0
[  113516ms] [ERROR] Refused to execute script from 'https://metrics.getrockerbox.com/track/v5?source=semrush&tier_one=dv360&tier_two=${INSERTION_ORDER_ID}&tier_three=${CAMPAIGN_ID}&tier_four=${CREATIVE_ID}&auction_id=${CACHEBUSTER}&referrer=${SOURCE_URL}' because its MIME type ('image/gif') is not executable. @ https://smallseotools.com/:0
[  113694ms] [ERROR] Attestation check for Shared Storage on https://www.googleadservices.com failed. @ https://www.googleadservices.com/pagead/managed/js/activeview/current/reach_worklet.html:0
[  115381ms] [WARNING] The resource https://smallseotools.com/webimages/drop_chevron.svg was preloaded using link preload but not used within a few seconds from the window's load event. Please make sure it has an appropriate `as` value and it is preloaded intentionally. @ https://smallseotools.com/:0
