[    1001ms] [INFO] %cDownload the React DevTools for a better development experience: https://fb.me/react-devtools font-weight:bold @ https://smallseotools.com/js/app.js:65003
[    3399ms] [WARNING] [GPT] PubAdsService.setTargeting is deprecated, use googletag.setConfig({targeting: ...}) instead.
https://goo.gle/gpt-message#170 @ https://securepubads.g.doubleclick.net/pagead/managed/js/gpt/m202606120101/pubads_impl.js:18
[    3410ms] [WARNING] [GPT] Slot.getTargeting is deprecated, use Slot.getConfig('targeting') instead.
https://goo.gle/gpt-message#201 @ https://securepubads.g.doubleclick.net/pagead/managed/js/gpt/m202606120101/pubads_impl.js:18
[    3553ms] [ERROR] Access to fetch at 'https://hb-api.omnitagjs.com/hb-api/prebid/v1?RefererUrl=https%3A%2F%2Fsmallseotools.com%2F&PageUrl=https%3A%2F%2Fsmallseotools.com%2F&PageReferrer=https%3A%2F%2Fsmallseotools.com%2F&CanonicalUrl=https%3A%2F%2Fsmallseotools.com%2F' from origin 'https://smallseotools.com' has been blocked by CORS policy: No 'Access-Control-Allow-Origin' header is present on the requested resource. @ https://smallseotools.com/:0
[    3553ms] [ERROR] Failed to load resource: net::ERR_FAILED @ https://hb-api.omnitagjs.com/hb-api/prebid/v1?RefererUrl=https%3A%2F%2Fsmallseotools.com%2F&PageUrl=https%3A%2F%2Fsmallseotools.com%2F&PageReferrer=https%3A%2F%2Fsmallseotools.com%2F&CanonicalUrl=https%3A%2F%2Fsmallseotools.com%2F:0
[    3805ms] [WARNING] VIDEOJS: WARN: videojs.extend is deprecated as of Video.js 7.22.0 and will be removed in Video.js 8.0.0 @ https://cdn.adpushup.com/instream/videoUtils-b89718e1-1763630796102.js:1
[    4465ms] [ERROR] Access to fetch at 'https://hb-api.omnitagjs.com/hb-api/prebid/v1?RefererUrl=https%3A%2F%2Fsmallseotools.com%2F&PageUrl=https%3A%2F%2Fsmallseotools.com%2F&PageReferrer=https%3A%2F%2Fsmallseotools.com%2F&CanonicalUrl=https%3A%2F%2Fsmallseotools.com%2F' from origin 'https://smallseotools.com' has been blocked by CORS policy: No 'Access-Control-Allow-Origin' header is present on the requested resource. @ https://smallseotools.com/:0
[    4465ms] [ERROR] Failed to load resource: net::ERR_FAILED @ https://hb-api.omnitagjs.com/hb-api/prebid/v1?RefererUrl=https%3A%2F%2Fsmallseotools.com%2F&PageUrl=https%3A%2F%2Fsmallseotools.com%2F&PageReferrer=https%3A%2F%2Fsmallseotools.com%2F&CanonicalUrl=https%3A%2F%2Fsmallseotools.com%2F:0
[    5936ms] [ERROR] Failed to load resource: the server responded with a status of 422 () @ https://api.livechatinc.com/v3.6/customer/action/check_goals?organization_id=97cb7b86-5082-465c-bfe1-2e076d4db12a&x-region=us-south1:0
[    8993ms] [ERROR] Mixed Content: The page at 'https://smallseotools.com/' was loaded over HTTPS, but requested an insecure frame 'http://sync.pmbmonetize.live/psync?t=s&e=247&gdpr=0&gdpr_consent=&us_privacy=&gpp=&gpp_sid=&cb=https%3A%2F%2Fcookies.nextmillmedia.com%2Fsetuid%3Fbidder%3Dadipolo%26nmuid%3Dcd044a00-e489-41d8-b274-80d9322f0ec3%26gdpr%3D0%26gdpr_consent%3D%26us_privacy%3D%26uid%3D%25USER_ID%25'. This request has been blocked; the content must be served over HTTPS. @ https://cookies.nextmillmedia.com/sync?gdpr=0&gdpr_consent=&us_privacy=&gpp=&gpp_sid=&type=iframe:40
[    9324ms] [ERROR] Attestation check for Shared Storage on https://www.googleadservices.com failed. @ https://www.googleadservices.com/pagead/managed/js/activeview/current/reach_worklet.html:0
[    9918ms] [ERROR] Refused to execute script from 'https://metrics.getrockerbox.com/track/v5?source=semrush&tier_one=dv360&tier_two=1028502593&tier_three=23897414847&tier_four=728576162&auction_id=1781774081955108&referrer=https://smallseotools.com/' because its MIME type ('image/gif') is not executable. @ https://b50f05eb489025fe12a8e4185d58832f.safeframe.googlesyndication.com/safeframe/1-0-45/html/container.html:0
[    9918ms] [ERROR] Refused to execute script from 'https://metrics.getrockerbox.com/track/v5?source=semrush&tier_one=dv360&tier_two=1028502593&tier_three=23897414847&tier_four=728576162&auction_id=1781774081955108&referrer=https://smallseotools.com/' because its MIME type ('image/gif') is not executable. @ https://b50f05eb489025fe12a8e4185d58832f.safeframe.googlesyndication.com/safeframe/1-0-45/html/container.html:0
[   10042ms] [ERROR] Refused to execute script from 'https://metrics.getrockerbox.com/track/v5?source=semrush&tier_one=dv360&tier_two=1028502593&tier_three=23897414847&tier_four=728574247&auction_id=1781774081955109&referrer=https://smallseotools.com/' because its MIME type ('image/gif') is not executable. @ https://b50f05eb489025fe12a8e4185d58832f.safeframe.googlesyndication.com/safeframe/1-0-45/html/container.html:0
[   10092ms] [LOG] Recent pixels found, Skipping... @ https://usync.ingage.tech/?gdpr=0&gdpr_consent=&us_privacy=&redirect=https%3A%2F%2Fcookies.nextmillmedia.com%2Fsetuid%3Fbidder%3Dinsticator%26nmuid%3Dcd044a00-e489-41d8-b274-80d9322f0ec3%26gdpr%3D0%26gdpr_consent%3D%26us_privacy%3D%26uid%3D%24UID:0
[   10111ms] [ERROR] Failed to load resource: net::ERR_NAME_NOT_RESOLVED @ https://cs.iqzone.com/6f0476ca45e1d6b67e3ee8d57532a022.gif?redir=https%3A%2F%2Fsync.cootlogix.com%2Fapi%2Fcookie%3FpartnerId%3Diqzone%26gdpr%3D0%26gdpr_consent%3D%26us_privacy%3D%26userId%3D%5BUID%5D&gdpr=0&gdpr_consent=&ccpa=:0
[    9324ms] [ERROR] Attestation check for Shared Storage on https://www.googleadservices.com failed. @ https://www.googleadservices.com/pagead/managed/js/activeview/current/reach_worklet.html:0
[    9324ms] [ERROR] Attestation check for Shared Storage on https://www.googleadservices.com failed. @ https://www.googleadservices.com/pagead/managed/js/activeview/current/reach_worklet.html:0
[   10522ms] [ERROR] Failed to load resource: the server responded with a status of 404 () @ https://cs.admanmedia.com/292deb7c3c2bf25073c04bb900f3a44a.gif??gdpr=0&gdpr_consent=&us_privacy=&redir=https%3A%2F%2Fcookies.nextmillmedia.com%2Fsetuid%3Fbidder%3Dadmanmedia%26nmuid%3Dcd044a00-e489-41d8-b274-80d9322f0ec3%26gdpr%3D0%26gdpr_consent%3D%26us_privacy%3D%26uid%3D%5BUID%5D:0
[   10606ms] [ERROR] Attestation check for Shared Storage on https://www.googleadservices.com failed. @ https://www.googleadservices.com/pagead/managed/js/activeview/current/reach_worklet.html:0
[   10629ms] [ERROR] Attestation check for Shared Storage on https://www.googleadservices.com failed. @ https://www.googleadservices.com/pagead/managed/js/activeview/current/reach_worklet.html:0
[    9938ms] [ERROR] Failed to load resource: the server responded with a status of 403 () @ chrome-error://chromewebdata/:0
[    8993ms] [ERROR] Mixed Content: The page at 'https://smallseotools.com/' was loaded over HTTPS, but requested an insecure frame 'http://sync.pmbmonetize.live/psync?t=s&e=247&gdpr=0&gdpr_consent=&us_privacy=&gpp=&gpp_sid=&cb=https%3A%2F%2Fcookies.nextmillmedia.com%2Fsetuid%3Fbidder%3Dadipolo%26nmuid%3Dcd044a00-e489-41d8-b274-80d9322f0ec3%26gdpr%3D0%26gdpr_consent%3D%26us_privacy%3D%26uid%3D%25USER_ID%25'. This request has been blocked; the content must be served over HTTPS. @ https://cookies.nextmillmedia.com/sync?gdpr=0&gdpr_consent=&us_privacy=&gpp=&gpp_sid=&type=iframe:40
[    9947ms] [ERROR] Refused to display 'https://csync-apac.smilewanted.com/' in a frame because it set 'X-Frame-Options' to 'sameorigin'. @ chrome-error://chromewebdata/:0
[   10714ms] [ERROR] Attestation check for Attribution Reporting on https://ad.doubleclick.net failed. @ https://smallseotools.com/:0
[   10747ms] [ERROR] Attestation check for Attribution Reporting on https://ad.doubleclick.net failed. @ https://smallseotools.com/:0
[   10820ms] [ERROR] Attestation check for Attribution Reporting on https://ad.doubleclick.net failed. @ https://smallseotools.com/:0
[   10918ms] [ERROR] Failed to load resource: the server responded with a status of 404 (Not Found) @ https://us4.shb-sync.com/a760a5a7-e35e-49b8-9f5e-723455346741.gif?puid=a4cf63cf-f403-7513-b6ee-0ce0362ff708&gdpr=0&gdpr_consent=0ccpa=:0
[   12714ms] [ERROR] Attestation check for Attribution Reporting on https://ad.doubleclick.net failed. @ https://smallseotools.com/:0
[   13182ms] [TIMEEND] a: 0.006103515625 ms @ https://static.adsafeprotected.com/sca.17.6.4.js:31
[    9324ms] [ERROR] Attestation check for Shared Storage on https://www.googleadservices.com failed. @ https://www.googleadservices.com/pagead/managed/js/activeview/current/reach_worklet.html:0
[   10606ms] [ERROR] Attestation check for Shared Storage on https://www.googleadservices.com failed. @ https://www.googleadservices.com/pagead/managed/js/activeview/current/reach_worklet.html:0
[   10629ms] [ERROR] Attestation check for Shared Storage on https://www.googleadservices.com failed. @ https://www.googleadservices.com/pagead/managed/js/activeview/current/reach_worklet.html:0
[   17244ms] [ERROR] Attestation check for Shared Storage on https://www.googleadservices.com failed. @ https://www.googleadservices.com/pagead/managed/js/activeview/current/reach_worklet.html:0
[   17421ms] [TIMEEND] a: 0.004150390625 ms @ https://static.adsafeprotected.com/sca.17.6.4.js:31
[    9324ms] [ERROR] Attestation check for Shared Storage on https://www.googleadservices.com failed. @ https://www.googleadservices.com/pagead/managed/js/activeview/current/reach_worklet.html:0
[   10606ms] [ERROR] Attestation check for Shared Storage on https://www.googleadservices.com failed. @ https://www.googleadservices.com/pagead/managed/js/activeview/current/reach_worklet.html:0
[   10629ms] [ERROR] Attestation check for Shared Storage on https://www.googleadservices.com failed. @ https://www.googleadservices.com/pagead/managed/js/activeview/current/reach_worklet.html:0
[   17244ms] [ERROR] Attestation check for Shared Storage on https://www.googleadservices.com failed. @ https://www.googleadservices.com/pagead/managed/js/activeview/current/reach_worklet.html:0
[   17608ms] [ERROR] Attestation check for Shared Storage on https://www.googleadservices.com failed. @ https://www.googleadservices.com/pagead/managed/js/activeview/current/reach_worklet.html:0
[    9324ms] [ERROR] Attestation check for Shared Storage on https://www.googleadservices.com failed. @ https://www.googleadservices.com/pagead/managed/js/activeview/current/reach_worklet.html:0
[   10606ms] [ERROR] Attestation check for Shared Storage on https://www.googleadservices.com failed. @ https://www.googleadservices.com/pagead/managed/js/activeview/current/reach_worklet.html:0
[   10629ms] [ERROR] Attestation check for Shared Storage on https://www.googleadservices.com failed. @ https://www.googleadservices.com/pagead/managed/js/activeview/current/reach_worklet.html:0
[   17244ms] [ERROR] Attestation check for Shared Storage on https://www.googleadservices.com failed. @ https://www.googleadservices.com/pagead/managed/js/activeview/current/reach_worklet.html:0
[   17608ms] [ERROR] Attestation check for Shared Storage on https://www.googleadservices.com failed. @ https://www.googleadservices.com/pagead/managed/js/activeview/current/reach_worklet.html:0
[   21119ms] [ERROR] Attestation check for Shared Storage on https://www.googleadservices.com failed. @ https://www.googleadservices.com/pagead/managed/js/activeview/current/reach_worklet.html:0
[    9324ms] [ERROR] Attestation check for Shared Storage on https://www.googleadservices.com failed. @ https://www.googleadservices.com/pagead/managed/js/activeview/current/reach_worklet.html:0
[   10606ms] [ERROR] Attestation check for Shared Storage on https://www.googleadservices.com failed. @ https://www.googleadservices.com/pagead/managed/js/activeview/current/reach_worklet.html:0
[   10629ms] [ERROR] Attestation check for Shared Storage on https://www.googleadservices.com failed. @ https://www.googleadservices.com/pagead/managed/js/activeview/current/reach_worklet.html:0
[   17244ms] [ERROR] Attestation check for Shared Storage on https://www.googleadservices.com failed. @ https://www.googleadservices.com/pagead/managed/js/activeview/current/reach_worklet.html:0
[   17608ms] [ERROR] Attestation check for Shared Storage on https://www.googleadservices.com failed. @ https://www.googleadservices.com/pagead/managed/js/activeview/current/reach_worklet.html:0
[   21119ms] [ERROR] Attestation check for Shared Storage on https://www.googleadservices.com failed. @ https://www.googleadservices.com/pagead/managed/js/activeview/current/reach_worklet.html:0
[   21465ms] [ERROR] Attestation check for Shared Storage on https://www.googleadservices.com failed. @ https://www.googleadservices.com/pagead/managed/js/activeview/current/reach_worklet.html:0
[   30000ms] [ERROR] Access to fetch at 'https://hb-api.omnitagjs.com/hb-api/prebid/v1?RefererUrl=https%3A%2F%2Fsmallseotools.com%2F&PageUrl=https%3A%2F%2Fsmallseotools.com%2F&PageReferrer=https%3A%2F%2Fsmallseotools.com%2F&CanonicalUrl=https%3A%2F%2Fsmallseotools.com%2F' from origin 'https://smallseotools.com' has been blocked by CORS policy: No 'Access-Control-Allow-Origin' header is present on the requested resource. @ https://smallseotools.com/:0
[   30000ms] [ERROR] Failed to load resource: net::ERR_FAILED @ https://hb-api.omnitagjs.com/hb-api/prebid/v1?RefererUrl=https%3A%2F%2Fsmallseotools.com%2F&PageUrl=https%3A%2F%2Fsmallseotools.com%2F&PageReferrer=https%3A%2F%2Fsmallseotools.com%2F&CanonicalUrl=https%3A%2F%2Fsmallseotools.com%2F:0
